[2019-12-03T20:06:18.499] [INFO] default - [::1 OPTIONS /api/user/login 200 71ms][http://localhost:8085/? HTTP/1.1 Mozilla/5.0 (iPhone; CPU iPhone OS 10_3_1 like Mac OS X) AppleWebKit/603.1.30 (KHTML, like Gecko) Version/10.0 Mobile/14E304 Safari/602.1]
[2019-12-03T20:10:53.253] [INFO] default - [::1 GET /api/user/login 404 10ms][ HTTP/1.1 Mozilla/5.0 (Windows NT 6.1; Win64; x64) AppleWebKit/537.36 (KHTML, like Gecko) Chrome/78.0.3904.70 Safari/537.36]
[2019-12-03T20:10:53.489] [INFO] default - app.all >> get token:   
[2019-12-03T20:10:53.490] [INFO] default - app.all >> token result:   err
[2019-12-03T20:10:53.494] [INFO] default - [::1 GET /favicon.ico 200 80ms][http://localhost:8020/api/user/login HTTP/1.1 Mozilla/5.0 (Windows NT 6.1; Win64; x64) AppleWebKit/537.36 (KHTML, like Gecko) Chrome/78.0.3904.70 Safari/537.36]
[2019-12-03T20:10:56.696] [INFO] default - [::1 OPTIONS /api/user/login 200 1ms][http://localhost:8085/? HTTP/1.1 Mozilla/5.0 (iPhone; CPU iPhone OS 10_3_1 like Mac OS X) AppleWebKit/603.1.30 (KHTML, like Gecko) Version/10.0 Mobile/14E304 Safari/602.1]
[2019-12-03T20:10:56.769] [INFO] default - "/login" >> 登录成功, token:  eyJhbGciOiJIUzI1NiIsInR5cCI6IkpXVCJ9.eyJkYXRhIjp7InVpZCI6IjVjZGQ0Njc2YzIwNmNmMjdmMDI5ZTU5OSIsInVzZXJuYW1lIjoiQXRhbyJ9LCJleHAiOjE1NzUzNzU5NTYsImlhdCI6MTU3NTM3NTA1Nn0.QqSyIKdzeeQ1XfjEeB28REv1vYrf-R5q3x5t3OXCpMA
[2019-12-03T20:10:56.813] [INFO] default - [::1 POST /api/user/login 200 104ms][http://localhost:8085/? HTTP/1.1 Mozilla/5.0 (iPhone; CPU iPhone OS 10_3_1 like Mac OS X) AppleWebKit/603.1.30 (KHTML, like Gecko) Version/10.0 Mobile/14E304 Safari/602.1]
[2019-12-03T20:10:56.957] [INFO] default - [::1 OPTIONS /api/account/userMonthAccount 200 1ms][http://localhost:8085/? HTTP/1.1 Mozilla/5.0 (iPhone; CPU iPhone OS 10_3_1 like Mac OS X) AppleWebKit/603.1.30 (KHTML, like Gecko) Version/10.0 Mobile/14E304 Safari/602.1]
[2019-12-03T20:10:56.962] [INFO] default - [::1 OPTIONS /api/account/recordList 200 1ms][http://localhost:8085/? HTTP/1.1 Mozilla/5.0 (iPhone; CPU iPhone OS 10_3_1 like Mac OS X) AppleWebKit/603.1.30 (KHTML, like Gecko) Version/10.0 Mobile/14E304 Safari/602.1]
[2019-12-03T20:10:57.007] [INFO] default - app.all >> get token:   eyJhbGciOiJIUzI1NiIsInR5cCI6IkpXVCJ9.eyJkYXRhIjp7InVpZCI6IjVjZGQ0Njc2YzIwNmNmMjdmMDI5ZTU5OSIsInVzZXJuYW1lIjoiQXRhbyJ9LCJleHAiOjE1NzUzNzU5NTYsImlhdCI6MTU3NTM3NTA1Nn0.QqSyIKdzeeQ1XfjEeB28REv1vYrf-R5q3x5t3OXCpMA
[2019-12-03T20:10:57.011] [INFO] default - app.all >> token result:   { uid: '5cdd4676c206cf27f029e599', username: 'Atao' }
[2019-12-03T20:10:57.015] [INFO] default - app.all >> get token:   eyJhbGciOiJIUzI1NiIsInR5cCI6IkpXVCJ9.eyJkYXRhIjp7InVpZCI6IjVjZGQ0Njc2YzIwNmNmMjdmMDI5ZTU5OSIsInVzZXJuYW1lIjoiQXRhbyJ9LCJleHAiOjE1NzUzNzU5NTYsImlhdCI6MTU3NTM3NTA1Nn0.QqSyIKdzeeQ1XfjEeB28REv1vYrf-R5q3x5t3OXCpMA
[2019-12-03T20:10:57.016] [INFO] default - app.all >> token result:   { uid: '5cdd4676c206cf27f029e599', username: 'Atao' }
[2019-12-03T20:10:57.185] [INFO] default - [::1 POST /api/account/userMonthAccount 200 179ms][http://localhost:8085/? HTTP/1.1 Mozilla/5.0 (iPhone; CPU iPhone OS 10_3_1 like Mac OS X) AppleWebKit/603.1.30 (KHTML, like Gecko) Version/10.0 Mobile/14E304 Safari/602.1]
[2019-12-03T20:10:58.083] [INFO] default - [::1 POST /api/account/recordList 200 1068ms][http://localhost:8085/? HTTP/1.1 Mozilla/5.0 (iPhone; CPU iPhone OS 10_3_1 like Mac OS X) AppleWebKit/603.1.30 (KHTML, like Gecko) Version/10.0 Mobile/14E304 Safari/602.1]
[2019-12-03T20:11:07.705] [INFO] default - [::1 OPTIONS /api/account/userMonthAccount 200 1ms][http://localhost:8085/? HTTP/1.1 Mozilla/5.0 (iPhone; CPU iPhone OS 10_3_1 like Mac OS X) AppleWebKit/603.1.30 (KHTML, like Gecko) Version/10.0 Mobile/14E304 Safari/602.1]
[2019-12-03T20:11:07.709] [INFO] default - [::1 OPTIONS /api/account/recordList 200 2ms][http://localhost:8085/? HTTP/1.1 Mozilla/5.0 (iPhone; CPU iPhone OS 10_3_1 like Mac OS X) AppleWebKit/603.1.30 (KHTML, like Gecko) Version/10.0 Mobile/14E304 Safari/602.1]
[2019-12-03T20:11:07.714] [INFO] default - app.all >> get token:   eyJhbGciOiJIUzI1NiIsInR5cCI6IkpXVCJ9.eyJkYXRhIjp7InVpZCI6IjVjZGQ0Njc2YzIwNmNmMjdmMDI5ZTU5OSIsInVzZXJuYW1lIjoiQXRhbyJ9LCJleHAiOjE1NzUzNzU5NTYsImlhdCI6MTU3NTM3NTA1Nn0.QqSyIKdzeeQ1XfjEeB28REv1vYrf-R5q3x5t3OXCpMA
[2019-12-03T20:11:07.717] [INFO] default - app.all >> token result:   { uid: '5cdd4676c206cf27f029e599', username: 'Atao' }
[2019-12-03T20:11:07.720] [INFO] default - app.all >> get token:   eyJhbGciOiJIUzI1NiIsInR5cCI6IkpXVCJ9.eyJkYXRhIjp7InVpZCI6IjVjZGQ0Njc2YzIwNmNmMjdmMDI5ZTU5OSIsInVzZXJuYW1lIjoiQXRhbyJ9LCJleHAiOjE1NzUzNzU5NTYsImlhdCI6MTU3NTM3NTA1Nn0.QqSyIKdzeeQ1XfjEeB28REv1vYrf-R5q3x5t3OXCpMA
[2019-12-03T20:11:07.721] [INFO] default - app.all >> token result:   { uid: '5cdd4676c206cf27f029e599', username: 'Atao' }
[2019-12-03T20:11:07.726] [INFO] default - [::1 POST /api/account/userMonthAccount 200 11ms][http://localhost:8085/? HTTP/1.1 Mozilla/5.0 (iPhone; CPU iPhone OS 10_3_1 like Mac OS X) AppleWebKit/603.1.30 (KHTML, like Gecko) Version/10.0 Mobile/14E304 Safari/602.1]
[2019-12-03T20:11:07.729] [INFO] default - [::1 POST /api/account/recordList 200 9ms][http://localhost:8085/? HTTP/1.1 Mozilla/5.0 (iPhone; CPU iPhone OS 10_3_1 like Mac OS X) AppleWebKit/603.1.30 (KHTML, like Gecko) Version/10.0 Mobile/14E304 Safari/602.1]
[2019-12-03T20:14:06.024] [INFO] default - [::1 OPTIONS /api/useType/expCostTypes 200 1ms][http://localhost:8085/? HTTP/1.1 Mozilla/5.0 (iPhone; CPU iPhone OS 10_3_1 like Mac OS X) AppleWebKit/603.1.30 (KHTML, like Gecko) Version/10.0 Mobile/14E304 Safari/602.1]
[2019-12-03T20:14:06.065] [INFO] default - app.all >> get token:   eyJhbGciOiJIUzI1NiIsInR5cCI6IkpXVCJ9.eyJkYXRhIjp7InVpZCI6IjVjZGQ0Njc2YzIwNmNmMjdmMDI5ZTU5OSIsInVzZXJuYW1lIjoiQXRhbyJ9LCJleHAiOjE1NzUzNzU5NTYsImlhdCI6MTU3NTM3NTA1Nn0.QqSyIKdzeeQ1XfjEeB28REv1vYrf-R5q3x5t3OXCpMA
[2019-12-03T20:14:06.066] [INFO] default - app.all >> token result:   { uid: '5cdd4676c206cf27f029e599', username: 'Atao' }
[2019-12-03T20:14:06.106] [INFO] default - [::1 GET /api/useType/expCostTypes 500 42ms][http://localhost:8085/? HTTP/1.1 Mozilla/5.0 (iPhone; CPU iPhone OS 10_3_1 like Mac OS X) AppleWebKit/603.1.30 (KHTML, like Gecko) Version/10.0 Mobile/14E304 Safari/602.1]
[2019-12-03T20:15:22.349] [INFO] default - [::1 OPTIONS /api/useType/expCostTypes 200 9ms][http://localhost:8085/? HTTP/1.1 Mozilla/5.0 (iPhone; CPU iPhone OS 10_3_1 like Mac OS X) AppleWebKit/603.1.30 (KHTML, like Gecko) Version/10.0 Mobile/14E304 Safari/602.1]
[2019-12-03T20:15:22.392] [INFO] default - app.all >> get token:   eyJhbGciOiJIUzI1NiIsInR5cCI6IkpXVCJ9.eyJkYXRhIjp7InVpZCI6IjVjZGQ0Njc2YzIwNmNmMjdmMDI5ZTU5OSIsInVzZXJuYW1lIjoiQXRhbyJ9LCJleHAiOjE1NzUzNzU5NTYsImlhdCI6MTU3NTM3NTA1Nn0.QqSyIKdzeeQ1XfjEeB28REv1vYrf-R5q3x5t3OXCpMA
[2019-12-03T20:15:22.396] [INFO] default - app.all >> token result:   { uid: '5cdd4676c206cf27f029e599', username: 'Atao' }
[2019-12-03T20:15:22.411] [INFO] default - [::1 GET /api/useType/expCostTypes 200 20ms][http://localhost:8085/? HTTP/1.1 Mozilla/5.0 (iPhone; CPU iPhone OS 10_3_1 like Mac OS X) AppleWebKit/603.1.30 (KHTML, like Gecko) Version/10.0 Mobile/14E304 Safari/602.1]
[2019-12-03T20:15:24.902] [INFO] default - app.all >> get token:   eyJhbGciOiJIUzI1NiIsInR5cCI6IkpXVCJ9.eyJkYXRhIjp7InVpZCI6IjVjZGQ0Njc2YzIwNmNmMjdmMDI5ZTU5OSIsInVzZXJuYW1lIjoiQXRhbyJ9LCJleHAiOjE1NzUzNzU5NTYsImlhdCI6MTU3NTM3NTA1Nn0.QqSyIKdzeeQ1XfjEeB28REv1vYrf-R5q3x5t3OXCpMA
[2019-12-03T20:15:24.904] [INFO] default - app.all >> token result:   { uid: '5cdd4676c206cf27f029e599', username: 'Atao' }
[2019-12-03T20:15:24.910] [INFO] default - [::1 GET /api/useType/expCostTypes 304 8ms][http://localhost:8085/? HTTP/1.1 Mozilla/5.0 (iPhone; CPU iPhone OS 10_3_1 like Mac OS X) AppleWebKit/603.1.30 (KHTML, like Gecko) Version/10.0 Mobile/14E304 Safari/602.1]
[2019-12-03T20:15:41.977] [INFO] default - [::1 OPTIONS /api/account/userMonthAccount 200 1ms][http://localhost:8085/? HTTP/1.1 Mozilla/5.0 (iPhone; CPU iPhone OS 10_3_1 like Mac OS X) AppleWebKit/603.1.30 (KHTML, like Gecko) Version/10.0 Mobile/14E304 Safari/602.1]
[2019-12-03T20:15:41.980] [INFO] default - [::1 OPTIONS /api/account/recordList 200 1ms][http://localhost:8085/? HTTP/1.1 Mozilla/5.0 (iPhone; CPU iPhone OS 10_3_1 like Mac OS X) AppleWebKit/603.1.30 (KHTML, like Gecko) Version/10.0 Mobile/14E304 Safari/602.1]
[2019-12-03T20:15:42.030] [INFO] default - app.all >> get token:   eyJhbGciOiJIUzI1NiIsInR5cCI6IkpXVCJ9.eyJkYXRhIjp7InVpZCI6IjVjZGQ0Njc2YzIwNmNmMjdmMDI5ZTU5OSIsInVzZXJuYW1lIjoiQXRhbyJ9LCJleHAiOjE1NzUzNzU5NTYsImlhdCI6MTU3NTM3NTA1Nn0.QqSyIKdzeeQ1XfjEeB28REv1vYrf-R5q3x5t3OXCpMA
[2019-12-03T20:15:42.031] [INFO] default - app.all >> token result:   { uid: '5cdd4676c206cf27f029e599', username: 'Atao' }
[2019-12-03T20:15:42.047] [INFO] default - app.all >> get token:   eyJhbGciOiJIUzI1NiIsInR5cCI6IkpXVCJ9.eyJkYXRhIjp7InVpZCI6IjVjZGQ0Njc2YzIwNmNmMjdmMDI5ZTU5OSIsInVzZXJuYW1lIjoiQXRhbyJ9LCJleHAiOjE1NzUzNzU5NTYsImlhdCI6MTU3NTM3NTA1Nn0.QqSyIKdzeeQ1XfjEeB28REv1vYrf-R5q3x5t3OXCpMA
[2019-12-03T20:15:42.050] [INFO] default - app.all >> token result:   { uid: '5cdd4676c206cf27f029e599', username: 'Atao' }
[2019-12-03T20:15:42.054] [INFO] default - [::1 POST /api/account/userMonthAccount 200 43ms][http://localhost:8085/? HTTP/1.1 Mozilla/5.0 (iPhone; CPU iPhone OS 10_3_1 like Mac OS X) AppleWebKit/603.1.30 (KHTML, like Gecko) Version/10.0 Mobile/14E304 Safari/602.1]
[2019-12-03T20:15:43.109] [INFO] default - [::1 POST /api/account/recordList 200 1063ms][http://localhost:8085/? HTTP/1.1 Mozilla/5.0 (iPhone; CPU iPhone OS 10_3_1 like Mac OS X) AppleWebKit/603.1.30 (KHTML, like Gecko) Version/10.0 Mobile/14E304 Safari/602.1]
