[2019-06-03T18:31:49.458] [INFO] default - request >>  method: GET url: /api/useType/expCostTypes?uid=5cdd4676c206cf27f029e599 params: {} referer: http://localhost:8085/?
[2019-06-03T18:31:49.460] [INFO] default - app.use 2: 
[2019-06-03T19:23:31.641] [INFO] default - request >>  method: GET url: /api/useType/expCostTypes?uid=5cdd4676c206cf27f029e599 params: {} referer: http://localhost:8085/?
[2019-06-03T19:25:34.078] [INFO] default - request >>  method: GET url: /api/useType/expCostTypes?uid=5cdd4676c206cf27f029e599 params: {} referer: http://localhost:8085/?
[2019-06-03T19:26:21.818] [INFO] default - request >>  method: GET url: /api/useType/expCostTypes?uid=5cdd4676c206cf27f029e599 params: {} referer: http://localhost:8085/?
[2019-06-03T19:37:05.784] [INFO] default - request >>  method: POST url: /api/user/login params: {"username":"Atao","password":"123456","uid":""} referer: http://localhost:8085/?
[2019-06-03T19:39:05.787] [INFO] default - request >>  method: POST url: /api/user/login params: {"username":"Atao","password":"123456","uid":""} referer: http://localhost:8085/?
[2019-06-03T19:39:39.549] [INFO] default - request >>  method: POST url: /api/user/login params: {"username":"Atao","password":"123456","uid":""} referer: http://localhost:8085/?
[2019-06-03T19:40:57.173] [INFO] default - request >>  method: POST url: /api/user/login params: {"username":"Atao","password":"123456","uid":""} referer: http://localhost:8085/?
[2019-06-03T19:41:01.173] [INFO] default - request >>  method: POST url: /api/user/login params: {"username":"Atao","password":"123456","uid":""} referer: http://localhost:8085/?
[2019-06-03T19:41:41.087] [INFO] default - req.url    /api/user/login
[2019-06-03T19:43:24.921] [INFO] default - req.url    /api/user/login
[2019-06-03T19:43:24.925] [INFO] default - req.session.userinfo:  undefined
[2019-06-03T19:44:46.024] [INFO] default - req.url    /api/user/login
[2019-06-03T19:44:46.026] [INFO] default - req.session.userinfo:  undefined
[2019-06-03T19:49:53.535] [INFO] default - req.url    /api/user/login
[2019-06-03T19:49:53.537] [INFO] default - req.session.userinfo:  undefined
[2019-06-03T19:49:53.561] [INFO] default - request >>  method: POST url: /api/user/login params: {"username":"Atao","password":"123456","uid":""} referer: http://localhost:8085/?
[2019-06-03T19:49:53.561] [INFO] default - req.url    /api/user/login
[2019-06-03T19:49:53.562] [INFO] default - req.session.userinfo:  undefined
[2019-06-03T19:49:53.788] [INFO] default - req.url    /api/account/userMonthAccount
[2019-06-03T19:49:53.789] [INFO] default - req.session.userinfo:  undefined
[2019-06-03T19:49:53.790] [INFO] default - 未登录
[2019-06-03T19:49:53.805] [INFO] default - req.url    /api/account/recordList
[2019-06-03T19:49:53.806] [INFO] default - req.session.userinfo:  undefined
[2019-06-03T19:49:53.806] [INFO] default - 未登录
[2019-06-03T19:49:53.809] [INFO] default - req.url    /api/account/userMonthAccount
[2019-06-03T19:49:53.810] [INFO] default - req.session.userinfo:  undefined
[2019-06-03T19:49:53.810] [INFO] default - 未登录
[2019-06-03T19:50:57.623] [INFO] default - req.url    /api/user/login
[2019-06-03T19:50:57.625] [INFO] default - req.session.userinfo:  undefined
[2019-06-03T19:50:57.634] [INFO] default - request >>  method: POST url: /api/user/login params: {"username":"Atao","password":"123456","uid":""} referer: http://localhost:8085/?
[2019-06-03T19:50:57.636] [INFO] default - req.url    /api/user/login
[2019-06-03T19:50:57.640] [INFO] default - req.session.userinfo:  undefined
[2019-06-03T19:50:57.773] [INFO] default - req.url    /api/account/userMonthAccount
[2019-06-03T19:50:57.774] [INFO] default - req.session.userinfo:  undefined
[2019-06-03T19:50:57.775] [INFO] default - 未登录
[2019-06-03T19:50:57.778] [INFO] default - req.url    /api/account/recordList
[2019-06-03T19:50:57.778] [INFO] default - req.session.userinfo:  undefined
[2019-06-03T19:50:57.779] [INFO] default - 未登录
[2019-06-03T19:50:57.784] [INFO] default - req.url    /api/account/userMonthAccount
[2019-06-03T19:50:57.784] [INFO] default - req.session.userinfo:  undefined
[2019-06-03T19:50:57.786] [INFO] default - 未登录
[2019-06-03T19:52:05.789] [INFO] default - req.url    /api/user/login
[2019-06-03T19:52:05.792] [INFO] default - req.session.userinfo:  undefined
[2019-06-03T19:52:05.819] [INFO] default - req.url    /api/user/login
[2019-06-03T19:52:05.820] [INFO] default - req.session.userinfo:  undefined
[2019-06-03T19:52:05.977] [INFO] default - req.url    /api/account/userMonthAccount
[2019-06-03T19:52:05.977] [INFO] default - req.session.userinfo:  undefined
[2019-06-03T19:52:05.978] [INFO] default - 未登录
[2019-06-03T19:52:05.980] [INFO] default - req.url    /api/account/recordList
[2019-06-03T19:52:05.980] [INFO] default - req.session.userinfo:  undefined
[2019-06-03T19:52:05.980] [INFO] default - 未登录
[2019-06-03T19:52:06.015] [INFO] default - req.url    /api/account/userMonthAccount
[2019-06-03T19:52:06.017] [INFO] default - req.session.userinfo:  undefined
[2019-06-03T19:52:06.019] [INFO] default - 未登录
[2019-06-03T19:52:06.021] [INFO] default - req.url    /api/account/recordList
[2019-06-03T19:52:06.022] [INFO] default - req.session.userinfo:  undefined
[2019-06-03T19:52:06.022] [INFO] default - 未登录
[2019-06-03T19:52:35.286] [INFO] default - req.url    /api/account/userMonthAccount
[2019-06-03T19:52:35.287] [INFO] default - req.session.userinfo:  undefined
[2019-06-03T19:52:35.289] [INFO] default - 未登录
[2019-06-03T19:52:35.290] [INFO] default - req.url    /api/account/recordList
[2019-06-03T19:52:35.292] [INFO] default - req.session.userinfo:  undefined
[2019-06-03T19:52:35.292] [INFO] default - 未登录
[2019-06-03T19:52:35.317] [INFO] default - req.url    /api/account/userMonthAccount
[2019-06-03T19:52:35.332] [INFO] default - req.session.userinfo:  undefined
[2019-06-03T19:52:35.332] [INFO] default - 未登录
[2019-06-03T19:52:35.335] [INFO] default - req.url    /api/account/recordList
[2019-06-03T19:52:35.338] [INFO] default - req.session.userinfo:  undefined
[2019-06-03T19:52:35.338] [INFO] default - 未登录
[2019-06-03T19:54:37.347] [INFO] default - req.url    /api/user/login
[2019-06-03T19:54:37.350] [INFO] default - req.session.userinfo:  undefined
[2019-06-03T19:54:37.364] [INFO] default - [::1 OPTIONS /api/user/login 200 20ms][http://localhost:8085/? HTTP/1.1 Mozilla/5.0 (iPhone; CPU iPhone OS 11_0 like Mac OS X) AppleWebKit/604.1.38 (KHTML, like Gecko) Version/11.0 Mobile/15A372 Safari/604.1]
[2019-06-03T19:54:37.383] [INFO] default - req.url    /api/user/login
[2019-06-03T19:54:37.383] [INFO] default - req.session.userinfo:  undefined
[2019-06-03T19:54:37.404] [INFO] default - 登录成功；session:  5cdd4676c206cf27f029e599
[2019-06-03T19:54:37.418] [INFO] default - [::1 POST /api/user/login 200 51ms][http://localhost:8085/? HTTP/1.1 Mozilla/5.0 (iPhone; CPU iPhone OS 11_0 like Mac OS X) AppleWebKit/604.1.38 (KHTML, like Gecko) Version/11.0 Mobile/15A372 Safari/604.1]
[2019-06-03T19:54:37.550] [INFO] default - req.url    /api/account/userMonthAccount
[2019-06-03T19:54:37.551] [INFO] default - req.session.userinfo:  undefined
[2019-06-03T19:54:37.551] [INFO] default - 未登录
[2019-06-03T19:54:37.554] [INFO] default - [::1 OPTIONS /api/account/userMonthAccount 200 4ms][http://localhost:8085/? HTTP/1.1 Mozilla/5.0 (iPhone; CPU iPhone OS 11_0 like Mac OS X) AppleWebKit/604.1.38 (KHTML, like Gecko) Version/11.0 Mobile/15A372 Safari/604.1]
[2019-06-03T19:54:37.555] [INFO] default - req.url    /api/account/recordList
[2019-06-03T19:54:37.556] [INFO] default - req.session.userinfo:  undefined
[2019-06-03T19:54:37.557] [INFO] default - 未登录
[2019-06-03T19:54:37.559] [INFO] default - [::1 OPTIONS /api/account/recordList 200 4ms][http://localhost:8085/? HTTP/1.1 Mozilla/5.0 (iPhone; CPU iPhone OS 11_0 like Mac OS X) AppleWebKit/604.1.38 (KHTML, like Gecko) Version/11.0 Mobile/15A372 Safari/604.1]
[2019-06-03T19:54:37.597] [INFO] default - req.url    /api/account/userMonthAccount
[2019-06-03T19:54:37.599] [INFO] default - req.session.userinfo:  undefined
[2019-06-03T19:54:37.600] [INFO] default - 未登录
[2019-06-03T19:54:37.601] [INFO] default - [::1 POST /api/account/userMonthAccount 200 5ms][http://localhost:8085/? HTTP/1.1 Mozilla/5.0 (iPhone; CPU iPhone OS 11_0 like Mac OS X) AppleWebKit/604.1.38 (KHTML, like Gecko) Version/11.0 Mobile/15A372 Safari/604.1]
[2019-06-03T19:54:37.602] [INFO] default - req.url    /api/account/recordList
[2019-06-03T19:54:37.603] [INFO] default - req.session.userinfo:  undefined
[2019-06-03T19:54:37.603] [INFO] default - 未登录
[2019-06-03T19:54:37.604] [INFO] default - [::1 POST /api/account/recordList 200 2ms][http://localhost:8085/? HTTP/1.1 Mozilla/5.0 (iPhone; CPU iPhone OS 11_0 like Mac OS X) AppleWebKit/604.1.38 (KHTML, like Gecko) Version/11.0 Mobile/15A372 Safari/604.1]
[2019-06-03T19:55:49.295] [INFO] default - req.url    /api/user/login
[2019-06-03T19:55:49.298] [INFO] default - req.session:  Session {
  cookie:
   { path: '/',
     _expires: 2019-06-06T23:15:49.293Z,
     originalMaxAge: 300000000,
     httpOnly: true } }
[2019-06-03T19:55:49.310] [INFO] default - [::1 OPTIONS /api/user/login 200 18ms][http://localhost:8085/? HTTP/1.1 Mozilla/5.0 (iPhone; CPU iPhone OS 11_0 like Mac OS X) AppleWebKit/604.1.38 (KHTML, like Gecko) Version/11.0 Mobile/15A372 Safari/604.1]
[2019-06-03T19:55:49.328] [INFO] default - req.url    /api/user/login
[2019-06-03T19:55:49.329] [INFO] default - req.session:  Session {
  cookie:
   { path: '/',
     _expires: 2019-06-06T23:15:49.312Z,
     originalMaxAge: 300000000,
     httpOnly: true } }
[2019-06-03T19:55:49.349] [INFO] default - 登录成功；session:  5cdd4676c206cf27f029e599
[2019-06-03T19:55:49.351] [INFO] default - [::1 POST /api/user/login 200 40ms][http://localhost:8085/? HTTP/1.1 Mozilla/5.0 (iPhone; CPU iPhone OS 11_0 like Mac OS X) AppleWebKit/604.1.38 (KHTML, like Gecko) Version/11.0 Mobile/15A372 Safari/604.1]
[2019-06-03T19:55:49.486] [INFO] default - req.url    /api/account/userMonthAccount
[2019-06-03T19:55:49.487] [INFO] default - req.session:  Session {
  cookie:
   { path: '/',
     _expires: 2019-06-06T23:15:49.486Z,
     originalMaxAge: 300000000,
     httpOnly: true } }
[2019-06-03T19:55:49.488] [INFO] default - 未登录
[2019-06-03T19:55:49.489] [INFO] default - [::1 OPTIONS /api/account/userMonthAccount 200 3ms][http://localhost:8085/? HTTP/1.1 Mozilla/5.0 (iPhone; CPU iPhone OS 11_0 like Mac OS X) AppleWebKit/604.1.38 (KHTML, like Gecko) Version/11.0 Mobile/15A372 Safari/604.1]
[2019-06-03T19:55:49.490] [INFO] default - req.url    /api/account/recordList
[2019-06-03T19:55:49.491] [INFO] default - req.session:  Session {
  cookie:
   { path: '/',
     _expires: 2019-06-06T23:15:49.490Z,
     originalMaxAge: 300000000,
     httpOnly: true } }
[2019-06-03T19:55:49.491] [INFO] default - 未登录
[2019-06-03T19:55:49.492] [INFO] default - [::1 OPTIONS /api/account/recordList 200 2ms][http://localhost:8085/? HTTP/1.1 Mozilla/5.0 (iPhone; CPU iPhone OS 11_0 like Mac OS X) AppleWebKit/604.1.38 (KHTML, like Gecko) Version/11.0 Mobile/15A372 Safari/604.1]
[2019-06-03T19:55:49.529] [INFO] default - req.url    /api/account/userMonthAccount
[2019-06-03T19:55:49.531] [INFO] default - req.session:  Session {
  cookie:
   { path: '/',
     _expires: 2019-06-06T23:15:49.528Z,
     originalMaxAge: 300000000,
     httpOnly: true } }
[2019-06-03T19:55:49.532] [INFO] default - 未登录
[2019-06-03T19:55:49.533] [INFO] default - [::1 POST /api/account/userMonthAccount 200 5ms][http://localhost:8085/? HTTP/1.1 Mozilla/5.0 (iPhone; CPU iPhone OS 11_0 like Mac OS X) AppleWebKit/604.1.38 (KHTML, like Gecko) Version/11.0 Mobile/15A372 Safari/604.1]
[2019-06-03T19:55:49.534] [INFO] default - req.url    /api/account/recordList
[2019-06-03T19:55:49.534] [INFO] default - req.session:  Session {
  cookie:
   { path: '/',
     _expires: 2019-06-06T23:15:49.533Z,
     originalMaxAge: 300000000,
     httpOnly: true } }
[2019-06-03T19:55:49.535] [INFO] default - 未登录
[2019-06-03T19:55:49.537] [INFO] default - [::1 POST /api/account/recordList 200 4ms][http://localhost:8085/? HTTP/1.1 Mozilla/5.0 (iPhone; CPU iPhone OS 11_0 like Mac OS X) AppleWebKit/604.1.38 (KHTML, like Gecko) Version/11.0 Mobile/15A372 Safari/604.1]
[2019-06-03T19:56:49.394] [INFO] default - req.url    /api/account/userMonthAccount
[2019-06-03T19:56:49.395] [INFO] default - req.session:  la8j6qc1YpCDiYPNRurrBGyYCWqgZbMW
[2019-06-03T19:56:49.396] [INFO] default - 未登录
[2019-06-03T19:56:49.406] [INFO] default - [::1 OPTIONS /api/account/userMonthAccount 200 13ms][http://localhost:8085/? HTTP/1.1 Mozilla/5.0 (iPhone; CPU iPhone OS 11_0 like Mac OS X) AppleWebKit/604.1.38 (KHTML, like Gecko) Version/11.0 Mobile/15A372 Safari/604.1]
[2019-06-03T19:56:49.409] [INFO] default - req.url    /api/account/recordList
[2019-06-03T19:56:49.411] [INFO] default - req.session:  rGQJruD8sB_iRuzxIxShzKWrMYUzchSe
[2019-06-03T19:56:49.413] [INFO] default - 未登录
[2019-06-03T19:56:49.415] [INFO] default - [::1 OPTIONS /api/account/recordList 200 6ms][http://localhost:8085/? HTTP/1.1 Mozilla/5.0 (iPhone; CPU iPhone OS 11_0 like Mac OS X) AppleWebKit/604.1.38 (KHTML, like Gecko) Version/11.0 Mobile/15A372 Safari/604.1]
[2019-06-03T19:56:49.450] [INFO] default - req.url    /api/account/userMonthAccount
[2019-06-03T19:56:49.464] [INFO] default - req.session:  QpgKU5grjSGYOBOYEgOWBU5wXgPLjRjC
[2019-06-03T19:56:49.467] [INFO] default - 未登录
[2019-06-03T19:56:49.471] [INFO] default - req.url    /api/account/recordList
[2019-06-03T19:56:49.471] [INFO] default - req.session:  o5kq9nuZDgnBEgTg335zlh5XChbzJvya
[2019-06-03T19:56:49.472] [INFO] default - 未登录
[2019-06-03T19:56:49.474] [INFO] default - [::1 POST /api/account/userMonthAccount 200 40ms][http://localhost:8085/? HTTP/1.1 Mozilla/5.0 (iPhone; CPU iPhone OS 11_0 like Mac OS X) AppleWebKit/604.1.38 (KHTML, like Gecko) Version/11.0 Mobile/15A372 Safari/604.1]
[2019-06-03T19:56:49.475] [INFO] default - [::1 POST /api/account/recordList 200 6ms][http://localhost:8085/? HTTP/1.1 Mozilla/5.0 (iPhone; CPU iPhone OS 11_0 like Mac OS X) AppleWebKit/604.1.38 (KHTML, like Gecko) Version/11.0 Mobile/15A372 Safari/604.1]
[2019-06-03T19:58:53.020] [INFO] default - req.url    /api/account/userMonthAccount
[2019-06-03T19:58:53.022] [INFO] default - req.session:  feHSYPQ14hOpwU3ielrCBS68JHfJZhJY
[2019-06-03T19:58:53.022] [INFO] default - 未登录
[2019-06-03T19:58:53.030] [INFO] default - [::1 OPTIONS /api/account/userMonthAccount 200 12ms][http://localhost:8085/? HTTP/1.1 Mozilla/5.0 (iPhone; CPU iPhone OS 11_0 like Mac OS X) AppleWebKit/604.1.38 (KHTML, like Gecko) Version/11.0 Mobile/15A372 Safari/604.1]
[2019-06-03T19:58:53.033] [INFO] default - req.url    /api/account/recordList
[2019-06-03T19:58:53.033] [INFO] default - req.session:  EcOxBJkh-jQiQ75f6EOFqFu7kzPylmIl
[2019-06-03T19:58:53.034] [INFO] default - 未登录
[2019-06-03T19:58:53.036] [INFO] default - [::1 OPTIONS /api/account/recordList 200 3ms][http://localhost:8085/? HTTP/1.1 Mozilla/5.0 (iPhone; CPU iPhone OS 11_0 like Mac OS X) AppleWebKit/604.1.38 (KHTML, like Gecko) Version/11.0 Mobile/15A372 Safari/604.1]
[2019-06-03T19:58:53.056] [INFO] default - req.url    /api/account/userMonthAccount
[2019-06-03T19:58:53.060] [INFO] default - req.session:  H8eN10eAeYPtGeFh694whDnFx3nHop5d
[2019-06-03T19:58:53.061] [INFO] default - 未登录
[2019-06-03T19:58:53.062] [INFO] default - [::1 POST /api/account/userMonthAccount 200 20ms][http://localhost:8085/? HTTP/1.1 Mozilla/5.0 (iPhone; CPU iPhone OS 11_0 like Mac OS X) AppleWebKit/604.1.38 (KHTML, like Gecko) Version/11.0 Mobile/15A372 Safari/604.1]
[2019-06-03T19:58:53.064] [INFO] default - req.url    /api/account/recordList
[2019-06-03T19:58:53.065] [INFO] default - req.session:  HX8poYWWOrXKEp4Sqt0NUTdtVGoK-zVa
[2019-06-03T19:58:53.065] [INFO] default - 未登录
[2019-06-03T19:58:53.067] [INFO] default - [::1 POST /api/account/recordList 200 3ms][http://localhost:8085/? HTTP/1.1 Mozilla/5.0 (iPhone; CPU iPhone OS 11_0 like Mac OS X) AppleWebKit/604.1.38 (KHTML, like Gecko) Version/11.0 Mobile/15A372 Safari/604.1]
[2019-06-03T20:02:05.956] [INFO] default - req.url    /api/user/login
[2019-06-03T20:02:05.958] [INFO] default - req.session:  h4cAHkXl46YFdxZwUKsskC_8DrQZOs9u
[2019-06-03T20:02:05.968] [INFO] default - [::1 OPTIONS /api/user/login 200 12ms][http://localhost:8085/? HTTP/1.1 Mozilla/5.0 (iPhone; CPU iPhone OS 11_0 like Mac OS X) AppleWebKit/604.1.38 (KHTML, like Gecko) Version/11.0 Mobile/15A372 Safari/604.1]
[2019-06-03T20:02:05.987] [INFO] default - req.url    /api/user/login
[2019-06-03T20:02:05.987] [INFO] default - req.session:  uUgvT5ke6AHxScKAvJ84Zv5fYPKqylt9
[2019-06-03T20:02:06.009] [INFO] default - 登录成功；session:  5cdd4676c206cf27f029e599
[2019-06-03T20:02:06.011] [INFO] default - [::1 POST /api/user/login 200 41ms][http://localhost:8085/? HTTP/1.1 Mozilla/5.0 (iPhone; CPU iPhone OS 11_0 like Mac OS X) AppleWebKit/604.1.38 (KHTML, like Gecko) Version/11.0 Mobile/15A372 Safari/604.1]
[2019-06-03T20:02:06.132] [INFO] default - req.url    /api/account/userMonthAccount
[2019-06-03T20:02:06.133] [INFO] default - req.session:  ldRMxAm6uItDcpk09y5SpO2OOOgi2pi5
[2019-06-03T20:02:06.133] [INFO] default - 未登录
[2019-06-03T20:02:06.134] [INFO] default - [::1 OPTIONS /api/account/userMonthAccount 200 2ms][http://localhost:8085/? HTTP/1.1 Mozilla/5.0 (iPhone; CPU iPhone OS 11_0 like Mac OS X) AppleWebKit/604.1.38 (KHTML, like Gecko) Version/11.0 Mobile/15A372 Safari/604.1]
[2019-06-03T20:02:06.136] [INFO] default - req.url    /api/account/recordList
[2019-06-03T20:02:06.136] [INFO] default - req.session:  Hk1MmqxJxvVpiyzObcljqNBKiWM0je5Y
[2019-06-03T20:02:06.136] [INFO] default - 未登录
[2019-06-03T20:02:06.137] [INFO] default - [::1 OPTIONS /api/account/recordList 200 1ms][http://localhost:8085/? HTTP/1.1 Mozilla/5.0 (iPhone; CPU iPhone OS 11_0 like Mac OS X) AppleWebKit/604.1.38 (KHTML, like Gecko) Version/11.0 Mobile/15A372 Safari/604.1]
[2019-06-03T20:02:06.174] [INFO] default - req.url    /api/account/userMonthAccount
[2019-06-03T20:02:06.176] [INFO] default - req.session:  -neB5Ifyn2S__TPF3CWGVR4Kb6BgUqyL
[2019-06-03T20:02:06.176] [INFO] default - 未登录
[2019-06-03T20:02:06.177] [INFO] default - [::1 POST /api/account/userMonthAccount 200 3ms][http://localhost:8085/? HTTP/1.1 Mozilla/5.0 (iPhone; CPU iPhone OS 11_0 like Mac OS X) AppleWebKit/604.1.38 (KHTML, like Gecko) Version/11.0 Mobile/15A372 Safari/604.1]
[2019-06-03T20:02:06.179] [INFO] default - req.url    /api/account/recordList
[2019-06-03T20:02:06.180] [INFO] default - req.session:  loYRWB7RPwR-Xr815r6FM9ZKidPoZ0Xi
[2019-06-03T20:02:06.180] [INFO] default - 未登录
[2019-06-03T20:02:06.182] [INFO] default - [::1 POST /api/account/recordList 200 3ms][http://localhost:8085/? HTTP/1.1 Mozilla/5.0 (iPhone; CPU iPhone OS 11_0 like Mac OS X) AppleWebKit/604.1.38 (KHTML, like Gecko) Version/11.0 Mobile/15A372 Safari/604.1]
