[2020-04-21T19:35:36.665] [INFO] default - [::1 OPTIONS /api/user/login 200 10ms][http://localhost:8085/? HTTP/1.1 Mozilla/5.0 (iPhone; CPU iPhone OS 11_0 like Mac OS X) AppleWebKit/604.1.38 (KHTML, like Gecko) Version/11.0 Mobile/15A372 Safari/604.1]
[2020-04-21T19:35:36.801] [INFO] default - "/login" >> 登录成功, token:  eyJhbGciOiJIUzI1NiIsInR5cCI6IkpXVCJ9.eyJkYXRhIjp7InVpZCI6IjVlOWE5OTg5NmRmZTk1NDFkOGEyYjNjMSIsInVzZXJuYW1lIjoid2FuZyJ9LCJleHAiOjE1ODc0Njk4MzYsImlhdCI6MTU4NzQ2ODkzNn0.xEo6_RfK-1bmgvmF2BiCFztQI1kiYz60da5f7Daz2gc
[2020-04-21T19:35:36.804] [INFO] default - [::1 POST /api/user/login 200 132ms][http://localhost:8085/? HTTP/1.1 Mozilla/5.0 (iPhone; CPU iPhone OS 11_0 like Mac OS X) AppleWebKit/604.1.38 (KHTML, like Gecko) Version/11.0 Mobile/15A372 Safari/604.1]
[2020-04-21T19:35:37.008] [INFO] default - [::1 OPTIONS /api/account/userMonthAccount 200 1ms][http://localhost:8085/? HTTP/1.1 Mozilla/5.0 (iPhone; CPU iPhone OS 11_0 like Mac OS X) AppleWebKit/604.1.38 (KHTML, like Gecko) Version/11.0 Mobile/15A372 Safari/604.1]
[2020-04-21T19:35:37.025] [INFO] default - [::1 OPTIONS /api/account/recordList 200 1ms][http://localhost:8085/? HTTP/1.1 Mozilla/5.0 (iPhone; CPU iPhone OS 11_0 like Mac OS X) AppleWebKit/604.1.38 (KHTML, like Gecko) Version/11.0 Mobile/15A372 Safari/604.1]
[2020-04-21T19:35:37.041] [INFO] default - app.all >> get token:   eyJhbGciOiJIUzI1NiIsInR5cCI6IkpXVCJ9.eyJkYXRhIjp7InVpZCI6IjVlOWE5OTg5NmRmZTk1NDFkOGEyYjNjMSIsInVzZXJuYW1lIjoid2FuZyJ9LCJleHAiOjE1ODc0Njk4MzYsImlhdCI6MTU4NzQ2ODkzNn0.xEo6_RfK-1bmgvmF2BiCFztQI1kiYz60da5f7Daz2gc
[2020-04-21T19:35:37.046] [INFO] default - app.all >> token result:   { uid: '5e9a99896dfe9541d8a2b3c1', username: 'wang' }
[2020-04-21T19:35:37.054] [INFO] default - app.all >> get token:   eyJhbGciOiJIUzI1NiIsInR5cCI6IkpXVCJ9.eyJkYXRhIjp7InVpZCI6IjVlOWE5OTg5NmRmZTk1NDFkOGEyYjNjMSIsInVzZXJuYW1lIjoid2FuZyJ9LCJleHAiOjE1ODc0Njk4MzYsImlhdCI6MTU4NzQ2ODkzNn0.xEo6_RfK-1bmgvmF2BiCFztQI1kiYz60da5f7Daz2gc
[2020-04-21T19:35:37.055] [INFO] default - app.all >> token result:   { uid: '5e9a99896dfe9541d8a2b3c1', username: 'wang' }
[2020-04-21T19:35:37.080] [INFO] default - [::1 POST /api/account/userMonthAccount 200 41ms][http://localhost:8085/? HTTP/1.1 Mozilla/5.0 (iPhone; CPU iPhone OS 11_0 like Mac OS X) AppleWebKit/604.1.38 (KHTML, like Gecko) Version/11.0 Mobile/15A372 Safari/604.1]
[2020-04-21T19:35:37.221] [INFO] default - [::1 POST /api/account/recordList 200 169ms][http://localhost:8085/? HTTP/1.1 Mozilla/5.0 (iPhone; CPU iPhone OS 11_0 like Mac OS X) AppleWebKit/604.1.38 (KHTML, like Gecko) Version/11.0 Mobile/15A372 Safari/604.1]
[2020-04-21T19:37:08.046] [INFO] default - [::1 POST /api/user/deleteUser 200 38ms][ HTTP/1.1 PostmanRuntime/7.24.1]
[2020-04-21T19:37:57.646] [INFO] default - [::1 POST /api/user/deleteUser 200 54ms][ HTTP/1.1 PostmanRuntime/7.24.1]
[2020-04-21T19:40:12.571] [INFO] default - app.all >> get token:   
[2020-04-21T19:40:12.574] [INFO] default - app.all >> token result:   err
[2020-04-21T19:40:12.590] [INFO] default - [::1 POST /api/user/deleteUser?username=www28 200 45ms][ HTTP/1.1 PostmanRuntime/7.24.1]
[2020-04-21T19:40:27.222] [INFO] default - [::1 POST /api/user/deleteUser 200 72ms][ HTTP/1.1 PostmanRuntime/7.24.1]
[2020-04-21T19:40:44.844] [INFO] default - [::1 POST /api/user/deleteUser 200 55ms][ HTTP/1.1 PostmanRuntime/7.24.1]
[2020-04-21T19:47:19.274] [INFO] default - [::1 OPTIONS /api/useType/expCostTypes 200 2ms][http://localhost:8085/? HTTP/1.1 Mozilla/5.0 (iPhone; CPU iPhone OS 11_0 like Mac OS X) AppleWebKit/604.1.38 (KHTML, like Gecko) Version/11.0 Mobile/15A372 Safari/604.1]
[2020-04-21T19:47:19.345] [INFO] default - app.all >> get token:   eyJhbGciOiJIUzI1NiIsInR5cCI6IkpXVCJ9.eyJkYXRhIjp7InVpZCI6IjVlOWE5OTg5NmRmZTk1NDFkOGEyYjNjMSIsInVzZXJuYW1lIjoid2FuZyJ9LCJleHAiOjE1ODc0Njk4MzYsImlhdCI6MTU4NzQ2ODkzNn0.xEo6_RfK-1bmgvmF2BiCFztQI1kiYz60da5f7Daz2gc
[2020-04-21T19:47:19.348] [INFO] default - app.all >> token result:   { uid: '5e9a99896dfe9541d8a2b3c1', username: 'wang' }
[2020-04-21T19:47:19.396] [INFO] default - [::1 GET /api/useType/expCostTypes 304 52ms][http://localhost:8085/? HTTP/1.1 Mozilla/5.0 (iPhone; CPU iPhone OS 11_0 like Mac OS X) AppleWebKit/604.1.38 (KHTML, like Gecko) Version/11.0 Mobile/15A372 Safari/604.1]
[2020-04-21T19:47:34.183] [INFO] default - [::1 OPTIONS /api/account/addRecord 200 2ms][http://localhost:8085/? HTTP/1.1 Mozilla/5.0 (iPhone; CPU iPhone OS 10_3_1 like Mac OS X) AppleWebKit/603.1.30 (KHTML, like Gecko) Version/10.0 Mobile/14E304 Safari/602.1]
[2020-04-21T19:47:34.189] [INFO] default - app.all >> get token:   eyJhbGciOiJIUzI1NiIsInR5cCI6IkpXVCJ9.eyJkYXRhIjp7InVpZCI6IjVlOWE5OTg5NmRmZTk1NDFkOGEyYjNjMSIsInVzZXJuYW1lIjoid2FuZyJ9LCJleHAiOjE1ODc0Njk4MzYsImlhdCI6MTU4NzQ2ODkzNn0.xEo6_RfK-1bmgvmF2BiCFztQI1kiYz60da5f7Daz2gc
[2020-04-21T19:47:34.192] [INFO] default - app.all >> token result:   { uid: '5e9a99896dfe9541d8a2b3c1', username: 'wang' }
[2020-04-21T19:47:34.287] [INFO] default - [::1 POST /api/account/addRecord 200 99ms][http://localhost:8085/? HTTP/1.1 Mozilla/5.0 (iPhone; CPU iPhone OS 10_3_1 like Mac OS X) AppleWebKit/603.1.30 (KHTML, like Gecko) Version/10.0 Mobile/14E304 Safari/602.1]
[2020-04-21T19:47:36.266] [INFO] default - [::1 OPTIONS /api/account/userMonthAccount 200 1ms][http://localhost:8085/? HTTP/1.1 Mozilla/5.0 (iPhone; CPU iPhone OS 10_3_1 like Mac OS X) AppleWebKit/603.1.30 (KHTML, like Gecko) Version/10.0 Mobile/14E304 Safari/602.1]
[2020-04-21T19:47:36.277] [INFO] default - [::1 OPTIONS /api/account/recordList 200 1ms][http://localhost:8085/? HTTP/1.1 Mozilla/5.0 (iPhone; CPU iPhone OS 10_3_1 like Mac OS X) AppleWebKit/603.1.30 (KHTML, like Gecko) Version/10.0 Mobile/14E304 Safari/602.1]
[2020-04-21T19:47:36.312] [INFO] default - app.all >> get token:   eyJhbGciOiJIUzI1NiIsInR5cCI6IkpXVCJ9.eyJkYXRhIjp7InVpZCI6IjVlOWE5OTg5NmRmZTk1NDFkOGEyYjNjMSIsInVzZXJuYW1lIjoid2FuZyJ9LCJleHAiOjE1ODc0Njk4MzYsImlhdCI6MTU4NzQ2ODkzNn0.xEo6_RfK-1bmgvmF2BiCFztQI1kiYz60da5f7Daz2gc
[2020-04-21T19:47:36.328] [INFO] default - app.all >> token result:   { uid: '5e9a99896dfe9541d8a2b3c1', username: 'wang' }
[2020-04-21T19:47:36.335] [INFO] default - app.all >> get token:   eyJhbGciOiJIUzI1NiIsInR5cCI6IkpXVCJ9.eyJkYXRhIjp7InVpZCI6IjVlOWE5OTg5NmRmZTk1NDFkOGEyYjNjMSIsInVzZXJuYW1lIjoid2FuZyJ9LCJleHAiOjE1ODc0Njk4MzYsImlhdCI6MTU4NzQ2ODkzNn0.xEo6_RfK-1bmgvmF2BiCFztQI1kiYz60da5f7Daz2gc
[2020-04-21T19:47:36.336] [INFO] default - app.all >> token result:   { uid: '5e9a99896dfe9541d8a2b3c1', username: 'wang' }
[2020-04-21T19:47:36.369] [INFO] default - [::1 POST /api/account/userMonthAccount 200 58ms][http://localhost:8085/? HTTP/1.1 Mozilla/5.0 (iPhone; CPU iPhone OS 10_3_1 like Mac OS X) AppleWebKit/603.1.30 (KHTML, like Gecko) Version/10.0 Mobile/14E304 Safari/602.1]
[2020-04-21T19:47:36.506] [INFO] default - [::1 POST /api/account/recordList 200 175ms][http://localhost:8085/? HTTP/1.1 Mozilla/5.0 (iPhone; CPU iPhone OS 10_3_1 like Mac OS X) AppleWebKit/603.1.30 (KHTML, like Gecko) Version/10.0 Mobile/14E304 Safari/602.1]
[2020-04-21T19:49:32.187] [INFO] default - [::1 OPTIONS /api/account/userMonthAccount 200 9ms][http://localhost:8085/? HTTP/1.1 Mozilla/5.0 (iPhone; CPU iPhone OS 10_3_1 like Mac OS X) AppleWebKit/603.1.30 (KHTML, like Gecko) Version/10.0 Mobile/14E304 Safari/602.1]
[2020-04-21T19:49:32.196] [INFO] default - [::1 OPTIONS /api/account/recordList 200 1ms][http://localhost:8085/? HTTP/1.1 Mozilla/5.0 (iPhone; CPU iPhone OS 10_3_1 like Mac OS X) AppleWebKit/603.1.30 (KHTML, like Gecko) Version/10.0 Mobile/14E304 Safari/602.1]
[2020-04-21T19:49:32.286] [INFO] default - app.all >> get token:   eyJhbGciOiJIUzI1NiIsInR5cCI6IkpXVCJ9.eyJkYXRhIjp7InVpZCI6IjVlOWE5OTg5NmRmZTk1NDFkOGEyYjNjMSIsInVzZXJuYW1lIjoid2FuZyJ9LCJleHAiOjE1ODc0Njk4MzYsImlhdCI6MTU4NzQ2ODkzNn0.xEo6_RfK-1bmgvmF2BiCFztQI1kiYz60da5f7Daz2gc
[2020-04-21T19:49:32.295] [INFO] default - app.all >> token result:   { uid: '5e9a99896dfe9541d8a2b3c1', username: 'wang' }
[2020-04-21T19:49:32.309] [INFO] default - app.all >> get token:   eyJhbGciOiJIUzI1NiIsInR5cCI6IkpXVCJ9.eyJkYXRhIjp7InVpZCI6IjVlOWE5OTg5NmRmZTk1NDFkOGEyYjNjMSIsInVzZXJuYW1lIjoid2FuZyJ9LCJleHAiOjE1ODc0Njk4MzYsImlhdCI6MTU4NzQ2ODkzNn0.xEo6_RfK-1bmgvmF2BiCFztQI1kiYz60da5f7Daz2gc
[2020-04-21T19:49:32.311] [INFO] default - app.all >> token result:   { uid: '5e9a99896dfe9541d8a2b3c1', username: 'wang' }
[2020-04-21T19:49:32.333] [INFO] default - [::1 POST /api/account/userMonthAccount 200 78ms][http://localhost:8085/? HTTP/1.1 Mozilla/5.0 (iPhone; CPU iPhone OS 10_3_1 like Mac OS X) AppleWebKit/603.1.30 (KHTML, like Gecko) Version/10.0 Mobile/14E304 Safari/602.1]
[2020-04-21T19:49:32.472] [INFO] default - [::1 POST /api/account/recordList 200 166ms][http://localhost:8085/? HTTP/1.1 Mozilla/5.0 (iPhone; CPU iPhone OS 10_3_1 like Mac OS X) AppleWebKit/603.1.30 (KHTML, like Gecko) Version/10.0 Mobile/14E304 Safari/602.1]
[2020-04-21T19:49:34.193] [INFO] default - [::1 OPTIONS /api/useType/expCostTypes 200 1ms][http://localhost:8085/? HTTP/1.1 Mozilla/5.0 (iPhone; CPU iPhone OS 10_3_1 like Mac OS X) AppleWebKit/603.1.30 (KHTML, like Gecko) Version/10.0 Mobile/14E304 Safari/602.1]
[2020-04-21T19:49:34.253] [INFO] default - app.all >> get token:   eyJhbGciOiJIUzI1NiIsInR5cCI6IkpXVCJ9.eyJkYXRhIjp7InVpZCI6IjVlOWE5OTg5NmRmZTk1NDFkOGEyYjNjMSIsInVzZXJuYW1lIjoid2FuZyJ9LCJleHAiOjE1ODc0Njk4MzYsImlhdCI6MTU4NzQ2ODkzNn0.xEo6_RfK-1bmgvmF2BiCFztQI1kiYz60da5f7Daz2gc
[2020-04-21T19:49:34.254] [INFO] default - app.all >> token result:   { uid: '5e9a99896dfe9541d8a2b3c1', username: 'wang' }
[2020-04-21T19:49:34.296] [INFO] default - [::1 GET /api/useType/expCostTypes 304 44ms][http://localhost:8085/? HTTP/1.1 Mozilla/5.0 (iPhone; CPU iPhone OS 10_3_1 like Mac OS X) AppleWebKit/603.1.30 (KHTML, like Gecko) Version/10.0 Mobile/14E304 Safari/602.1]
[2020-04-21T19:49:43.808] [INFO] default - [::1 OPTIONS /api/account/addRecord 200 3ms][http://localhost:8085/? HTTP/1.1 Mozilla/5.0 (iPhone; CPU iPhone OS 10_3_1 like Mac OS X) AppleWebKit/603.1.30 (KHTML, like Gecko) Version/10.0 Mobile/14E304 Safari/602.1]
[2020-04-21T19:49:43.814] [INFO] default - app.all >> get token:   eyJhbGciOiJIUzI1NiIsInR5cCI6IkpXVCJ9.eyJkYXRhIjp7InVpZCI6IjVlOWE5OTg5NmRmZTk1NDFkOGEyYjNjMSIsInVzZXJuYW1lIjoid2FuZyJ9LCJleHAiOjE1ODc0Njk4MzYsImlhdCI6MTU4NzQ2ODkzNn0.xEo6_RfK-1bmgvmF2BiCFztQI1kiYz60da5f7Daz2gc
[2020-04-21T19:49:43.815] [INFO] default - app.all >> token result:   { uid: '5e9a99896dfe9541d8a2b3c1', username: 'wang' }
[2020-04-21T19:49:43.892] [INFO] default - [::1 POST /api/account/addRecord 200 80ms][http://localhost:8085/? HTTP/1.1 Mozilla/5.0 (iPhone; CPU iPhone OS 10_3_1 like Mac OS X) AppleWebKit/603.1.30 (KHTML, like Gecko) Version/10.0 Mobile/14E304 Safari/602.1]
[2020-04-21T19:54:39.404] [INFO] default - [::1 OPTIONS /api/useType/expCostTypes 200 2ms][http://localhost:8085/? HTTP/1.1 Mozilla/5.0 (iPhone; CPU iPhone OS 10_3_1 like Mac OS X) AppleWebKit/603.1.30 (KHTML, like Gecko) Version/10.0 Mobile/14E304 Safari/602.1]
[2020-04-21T19:54:39.463] [INFO] default - app.all >> get token:   eyJhbGciOiJIUzI1NiIsInR5cCI6IkpXVCJ9.eyJkYXRhIjp7InVpZCI6IjVlOWE5OTg5NmRmZTk1NDFkOGEyYjNjMSIsInVzZXJuYW1lIjoid2FuZyJ9LCJleHAiOjE1ODc0Njk4MzYsImlhdCI6MTU4NzQ2ODkzNn0.xEo6_RfK-1bmgvmF2BiCFztQI1kiYz60da5f7Daz2gc
[2020-04-21T19:54:39.465] [INFO] default - app.all >> token result:   expired
[2020-04-21T19:54:39.467] [INFO] default - [::1 GET /api/useType/expCostTypes 200 5ms][http://localhost:8085/? HTTP/1.1 Mozilla/5.0 (iPhone; CPU iPhone OS 10_3_1 like Mac OS X) AppleWebKit/603.1.30 (KHTML, like Gecko) Version/10.0 Mobile/14E304 Safari/602.1]
[2020-04-21T19:55:41.165] [INFO] default - [::1 OPTIONS /api/useType/expCostTypes 200 1ms][http://localhost:8085/? HTTP/1.1 Mozilla/5.0 (iPhone; CPU iPhone OS 10_3_1 like Mac OS X) AppleWebKit/603.1.30 (KHTML, like Gecko) Version/10.0 Mobile/14E304 Safari/602.1]
[2020-04-21T19:55:41.223] [INFO] default - app.all >> get token:   eyJhbGciOiJIUzI1NiIsInR5cCI6IkpXVCJ9.eyJkYXRhIjp7InVpZCI6IjVlOWE5OTg5NmRmZTk1NDFkOGEyYjNjMSIsInVzZXJuYW1lIjoid2FuZyJ9LCJleHAiOjE1ODc0Njk4MzYsImlhdCI6MTU4NzQ2ODkzNn0.xEo6_RfK-1bmgvmF2BiCFztQI1kiYz60da5f7Daz2gc
[2020-04-21T19:55:41.225] [INFO] default - app.all >> token result:   expired
[2020-04-21T19:55:41.227] [INFO] default - [::1 GET /api/useType/expCostTypes 304 4ms][http://localhost:8085/? HTTP/1.1 Mozilla/5.0 (iPhone; CPU iPhone OS 10_3_1 like Mac OS X) AppleWebKit/603.1.30 (KHTML, like Gecko) Version/10.0 Mobile/14E304 Safari/602.1]
[2020-04-21T19:55:56.427] [INFO] default - [::1 OPTIONS /api/user/login 200 1ms][http://localhost:8085/? HTTP/1.1 Mozilla/5.0 (iPhone; CPU iPhone OS 10_3_1 like Mac OS X) AppleWebKit/603.1.30 (KHTML, like Gecko) Version/10.0 Mobile/14E304 Safari/602.1]
[2020-04-21T19:55:56.487] [INFO] default - "/login" >> 登录成功, token:  eyJhbGciOiJIUzI1NiIsInR5cCI6IkpXVCJ9.eyJkYXRhIjp7InVpZCI6IjVlOWE5OTg5NmRmZTk1NDFkOGEyYjNjMSIsInVzZXJuYW1lIjoid2FuZyJ9LCJleHAiOjE1ODc0NzEwNTYsImlhdCI6MTU4NzQ3MDE1Nn0.JfOAhhFcelQJXyOpc4AK6kqii3e5UbPxNRIJ5ObAEzQ
[2020-04-21T19:55:56.492] [INFO] default - [::1 POST /api/user/login 200 38ms][http://localhost:8085/? HTTP/1.1 Mozilla/5.0 (iPhone; CPU iPhone OS 10_3_1 like Mac OS X) AppleWebKit/603.1.30 (KHTML, like Gecko) Version/10.0 Mobile/14E304 Safari/602.1]
[2020-04-21T19:55:56.639] [INFO] default - [::1 OPTIONS /api/account/userMonthAccount 200 1ms][http://localhost:8085/? HTTP/1.1 Mozilla/5.0 (iPhone; CPU iPhone OS 10_3_1 like Mac OS X) AppleWebKit/603.1.30 (KHTML, like Gecko) Version/10.0 Mobile/14E304 Safari/602.1]
[2020-04-21T19:55:56.646] [INFO] default - [::1 OPTIONS /api/account/recordList 200 1ms][http://localhost:8085/? HTTP/1.1 Mozilla/5.0 (iPhone; CPU iPhone OS 10_3_1 like Mac OS X) AppleWebKit/603.1.30 (KHTML, like Gecko) Version/10.0 Mobile/14E304 Safari/602.1]
[2020-04-21T19:55:56.663] [INFO] default - app.all >> get token:   eyJhbGciOiJIUzI1NiIsInR5cCI6IkpXVCJ9.eyJkYXRhIjp7InVpZCI6IjVlOWE5OTg5NmRmZTk1NDFkOGEyYjNjMSIsInVzZXJuYW1lIjoid2FuZyJ9LCJleHAiOjE1ODc0NzEwNTYsImlhdCI6MTU4NzQ3MDE1Nn0.JfOAhhFcelQJXyOpc4AK6kqii3e5UbPxNRIJ5ObAEzQ
[2020-04-21T19:55:56.670] [INFO] default - app.all >> token result:   { uid: '5e9a99896dfe9541d8a2b3c1', username: 'wang' }
[2020-04-21T19:55:56.675] [INFO] default - app.all >> get token:   eyJhbGciOiJIUzI1NiIsInR5cCI6IkpXVCJ9.eyJkYXRhIjp7InVpZCI6IjVlOWE5OTg5NmRmZTk1NDFkOGEyYjNjMSIsInVzZXJuYW1lIjoid2FuZyJ9LCJleHAiOjE1ODc0NzEwNTYsImlhdCI6MTU4NzQ3MDE1Nn0.JfOAhhFcelQJXyOpc4AK6kqii3e5UbPxNRIJ5ObAEzQ
[2020-04-21T19:55:56.677] [INFO] default - app.all >> token result:   { uid: '5e9a99896dfe9541d8a2b3c1', username: 'wang' }
[2020-04-21T19:55:56.698] [INFO] default - [::1 POST /api/account/userMonthAccount 200 37ms][http://localhost:8085/? HTTP/1.1 Mozilla/5.0 (iPhone; CPU iPhone OS 10_3_1 like Mac OS X) AppleWebKit/603.1.30 (KHTML, like Gecko) Version/10.0 Mobile/14E304 Safari/602.1]
[2020-04-21T19:55:56.709] [INFO] default - [::1 POST /api/account/recordList 200 35ms][http://localhost:8085/? HTTP/1.1 Mozilla/5.0 (iPhone; CPU iPhone OS 10_3_1 like Mac OS X) AppleWebKit/603.1.30 (KHTML, like Gecko) Version/10.0 Mobile/14E304 Safari/602.1]
[2020-04-21T19:55:58.354] [INFO] default - [::1 OPTIONS /api/useType/expCostTypes 200 2ms][http://localhost:8085/? HTTP/1.1 Mozilla/5.0 (iPhone; CPU iPhone OS 10_3_1 like Mac OS X) AppleWebKit/603.1.30 (KHTML, like Gecko) Version/10.0 Mobile/14E304 Safari/602.1]
[2020-04-21T19:55:58.399] [INFO] default - app.all >> get token:   eyJhbGciOiJIUzI1NiIsInR5cCI6IkpXVCJ9.eyJkYXRhIjp7InVpZCI6IjVlOWE5OTg5NmRmZTk1NDFkOGEyYjNjMSIsInVzZXJuYW1lIjoid2FuZyJ9LCJleHAiOjE1ODc0NzEwNTYsImlhdCI6MTU4NzQ3MDE1Nn0.JfOAhhFcelQJXyOpc4AK6kqii3e5UbPxNRIJ5ObAEzQ
[2020-04-21T19:55:58.404] [INFO] default - app.all >> token result:   { uid: '5e9a99896dfe9541d8a2b3c1', username: 'wang' }
[2020-04-21T19:55:58.435] [INFO] default - [::1 GET /api/useType/expCostTypes 200 51ms][http://localhost:8085/? HTTP/1.1 Mozilla/5.0 (iPhone; CPU iPhone OS 10_3_1 like Mac OS X) AppleWebKit/603.1.30 (KHTML, like Gecko) Version/10.0 Mobile/14E304 Safari/602.1]
[2020-04-21T19:56:35.451] [INFO] default - [::1 OPTIONS /api/useType/expCostTypes 200 1ms][http://localhost:8085/? HTTP/1.1 Mozilla/5.0 (iPhone; CPU iPhone OS 10_3_1 like Mac OS X) AppleWebKit/603.1.30 (KHTML, like Gecko) Version/10.0 Mobile/14E304 Safari/602.1]
[2020-04-21T19:56:35.736] [INFO] default - app.all >> get token:   eyJhbGciOiJIUzI1NiIsInR5cCI6IkpXVCJ9.eyJkYXRhIjp7InVpZCI6IjVlOWE5OTg5NmRmZTk1NDFkOGEyYjNjMSIsInVzZXJuYW1lIjoid2FuZyJ9LCJleHAiOjE1ODc0NzEwNTYsImlhdCI6MTU4NzQ3MDE1Nn0.JfOAhhFcelQJXyOpc4AK6kqii3e5UbPxNRIJ5ObAEzQ
[2020-04-21T19:56:35.746] [INFO] default - app.all >> token result:   { uid: '5e9a99896dfe9541d8a2b3c1', username: 'wang' }
[2020-04-21T19:56:35.784] [INFO] default - [::1 GET /api/useType/expCostTypes 304 52ms][http://localhost:8085/? HTTP/1.1 Mozilla/5.0 (iPhone; CPU iPhone OS 10_3_1 like Mac OS X) AppleWebKit/603.1.30 (KHTML, like Gecko) Version/10.0 Mobile/14E304 Safari/602.1]
[2020-04-21T19:56:37.346] [INFO] default - app.all >> get token:   eyJhbGciOiJIUzI1NiIsInR5cCI6IkpXVCJ9.eyJkYXRhIjp7InVpZCI6IjVlOWE5OTg5NmRmZTk1NDFkOGEyYjNjMSIsInVzZXJuYW1lIjoid2FuZyJ9LCJleHAiOjE1ODc0NzEwNTYsImlhdCI6MTU4NzQ3MDE1Nn0.JfOAhhFcelQJXyOpc4AK6kqii3e5UbPxNRIJ5ObAEzQ
[2020-04-21T19:56:37.356] [INFO] default - app.all >> token result:   { uid: '5e9a99896dfe9541d8a2b3c1', username: 'wang' }
[2020-04-21T19:56:37.385] [INFO] default - [::1 GET /api/useType/expCostTypes 304 40ms][http://localhost:8085/? HTTP/1.1 Mozilla/5.0 (iPhone; CPU iPhone OS 10_3_1 like Mac OS X) AppleWebKit/603.1.30 (KHTML, like Gecko) Version/10.0 Mobile/14E304 Safari/602.1]
[2020-04-21T19:57:32.375] [INFO] default - [::1 OPTIONS /api/useType/expCostTypes 200 1ms][http://localhost:8085/? HTTP/1.1 Mozilla/5.0 (iPhone; CPU iPhone OS 10_3_1 like Mac OS X) AppleWebKit/603.1.30 (KHTML, like Gecko) Version/10.0 Mobile/14E304 Safari/602.1]
[2020-04-21T19:57:32.426] [INFO] default - app.all >> get token:   eyJhbGciOiJIUzI1NiIsInR5cCI6IkpXVCJ9.eyJkYXRhIjp7InVpZCI6IjVlOWE5OTg5NmRmZTk1NDFkOGEyYjNjMSIsInVzZXJuYW1lIjoid2FuZyJ9LCJleHAiOjE1ODc0NzEwNTYsImlhdCI6MTU4NzQ3MDE1Nn0.JfOAhhFcelQJXyOpc4AK6kqii3e5UbPxNRIJ5ObAEzQ
[2020-04-21T19:57:32.428] [INFO] default - app.all >> token result:   { uid: '5e9a99896dfe9541d8a2b3c1', username: 'wang' }
[2020-04-21T19:57:32.456] [INFO] default - [::1 GET /api/useType/expCostTypes 304 31ms][http://localhost:8085/? HTTP/1.1 Mozilla/5.0 (iPhone; CPU iPhone OS 10_3_1 like Mac OS X) AppleWebKit/603.1.30 (KHTML, like Gecko) Version/10.0 Mobile/14E304 Safari/602.1]
[2020-04-21T19:57:53.519] [INFO] default - [::1 OPTIONS /api/useType/expCostTypes 200 1ms][http://localhost:8085/? HTTP/1.1 Mozilla/5.0 (iPhone; CPU iPhone OS 10_3_1 like Mac OS X) AppleWebKit/603.1.30 (KHTML, like Gecko) Version/10.0 Mobile/14E304 Safari/602.1]
[2020-04-21T19:57:53.543] [INFO] default - app.all >> get token:   eyJhbGciOiJIUzI1NiIsInR5cCI6IkpXVCJ9.eyJkYXRhIjp7InVpZCI6IjVlOWE5OTg5NmRmZTk1NDFkOGEyYjNjMSIsInVzZXJuYW1lIjoid2FuZyJ9LCJleHAiOjE1ODc0NzEwNTYsImlhdCI6MTU4NzQ3MDE1Nn0.JfOAhhFcelQJXyOpc4AK6kqii3e5UbPxNRIJ5ObAEzQ
[2020-04-21T19:57:53.545] [INFO] default - app.all >> token result:   { uid: '5e9a99896dfe9541d8a2b3c1', username: 'wang' }
[2020-04-21T19:57:53.571] [INFO] default - [::1 GET /api/useType/expCostTypes 304 28ms][http://localhost:8085/? HTTP/1.1 Mozilla/5.0 (iPhone; CPU iPhone OS 10_3_1 like Mac OS X) AppleWebKit/603.1.30 (KHTML, like Gecko) Version/10.0 Mobile/14E304 Safari/602.1]
[2020-04-21T19:58:05.360] [INFO] default - [::1 OPTIONS /api/useType/expCostTypes 200 1ms][http://localhost:8085/? HTTP/1.1 Mozilla/5.0 (iPhone; CPU iPhone OS 10_3_1 like Mac OS X) AppleWebKit/603.1.30 (KHTML, like Gecko) Version/10.0 Mobile/14E304 Safari/602.1]
[2020-04-21T19:58:05.397] [INFO] default - app.all >> get token:   eyJhbGciOiJIUzI1NiIsInR5cCI6IkpXVCJ9.eyJkYXRhIjp7InVpZCI6IjVlOWE5OTg5NmRmZTk1NDFkOGEyYjNjMSIsInVzZXJuYW1lIjoid2FuZyJ9LCJleHAiOjE1ODc0NzEwNTYsImlhdCI6MTU4NzQ3MDE1Nn0.JfOAhhFcelQJXyOpc4AK6kqii3e5UbPxNRIJ5ObAEzQ
[2020-04-21T19:58:05.404] [INFO] default - app.all >> token result:   { uid: '5e9a99896dfe9541d8a2b3c1', username: 'wang' }
[2020-04-21T19:58:05.431] [INFO] default - [::1 GET /api/useType/expCostTypes 304 35ms][http://localhost:8085/? HTTP/1.1 Mozilla/5.0 (iPhone; CPU iPhone OS 10_3_1 like Mac OS X) AppleWebKit/603.1.30 (KHTML, like Gecko) Version/10.0 Mobile/14E304 Safari/602.1]
[2020-04-21T19:58:13.721] [INFO] default - [::1 OPTIONS /api/account/addRecord 200 1ms][http://localhost:8085/? HTTP/1.1 Mozilla/5.0 (iPhone; CPU iPhone OS 10_3_1 like Mac OS X) AppleWebKit/603.1.30 (KHTML, like Gecko) Version/10.0 Mobile/14E304 Safari/602.1]
[2020-04-21T19:58:13.726] [INFO] default - app.all >> get token:   eyJhbGciOiJIUzI1NiIsInR5cCI6IkpXVCJ9.eyJkYXRhIjp7InVpZCI6IjVlOWE5OTg5NmRmZTk1NDFkOGEyYjNjMSIsInVzZXJuYW1lIjoid2FuZyJ9LCJleHAiOjE1ODc0NzEwNTYsImlhdCI6MTU4NzQ3MDE1Nn0.JfOAhhFcelQJXyOpc4AK6kqii3e5UbPxNRIJ5ObAEzQ
[2020-04-21T19:58:13.727] [INFO] default - app.all >> token result:   { uid: '5e9a99896dfe9541d8a2b3c1', username: 'wang' }
[2020-04-21T19:58:13.796] [INFO] default - [::1 POST /api/account/addRecord 200 72ms][http://localhost:8085/? HTTP/1.1 Mozilla/5.0 (iPhone; CPU iPhone OS 10_3_1 like Mac OS X) AppleWebKit/603.1.30 (KHTML, like Gecko) Version/10.0 Mobile/14E304 Safari/602.1]
[2020-04-21T19:58:15.510] [INFO] default - [::1 OPTIONS /api/account/userMonthAccount 200 1ms][http://localhost:8085/? HTTP/1.1 Mozilla/5.0 (iPhone; CPU iPhone OS 10_3_1 like Mac OS X) AppleWebKit/603.1.30 (KHTML, like Gecko) Version/10.0 Mobile/14E304 Safari/602.1]
[2020-04-21T19:58:15.536] [INFO] default - [::1 OPTIONS /api/account/recordList 200 1ms][http://localhost:8085/? HTTP/1.1 Mozilla/5.0 (iPhone; CPU iPhone OS 10_3_1 like Mac OS X) AppleWebKit/603.1.30 (KHTML, like Gecko) Version/10.0 Mobile/14E304 Safari/602.1]
[2020-04-21T19:58:15.546] [INFO] default - app.all >> get token:   eyJhbGciOiJIUzI1NiIsInR5cCI6IkpXVCJ9.eyJkYXRhIjp7InVpZCI6IjVlOWE5OTg5NmRmZTk1NDFkOGEyYjNjMSIsInVzZXJuYW1lIjoid2FuZyJ9LCJleHAiOjE1ODc0NzEwNTYsImlhdCI6MTU4NzQ3MDE1Nn0.JfOAhhFcelQJXyOpc4AK6kqii3e5UbPxNRIJ5ObAEzQ
[2020-04-21T19:58:15.548] [INFO] default - app.all >> token result:   { uid: '5e9a99896dfe9541d8a2b3c1', username: 'wang' }
[2020-04-21T19:58:15.551] [INFO] default - app.all >> get token:   eyJhbGciOiJIUzI1NiIsInR5cCI6IkpXVCJ9.eyJkYXRhIjp7InVpZCI6IjVlOWE5OTg5NmRmZTk1NDFkOGEyYjNjMSIsInVzZXJuYW1lIjoid2FuZyJ9LCJleHAiOjE1ODc0NzEwNTYsImlhdCI6MTU4NzQ3MDE1Nn0.JfOAhhFcelQJXyOpc4AK6kqii3e5UbPxNRIJ5ObAEzQ
[2020-04-21T19:58:15.555] [INFO] default - app.all >> token result:   { uid: '5e9a99896dfe9541d8a2b3c1', username: 'wang' }
[2020-04-21T19:58:15.574] [INFO] default - [::1 POST /api/account/userMonthAccount 200 29ms][http://localhost:8085/? HTTP/1.1 Mozilla/5.0 (iPhone; CPU iPhone OS 10_3_1 like Mac OS X) AppleWebKit/603.1.30 (KHTML, like Gecko) Version/10.0 Mobile/14E304 Safari/602.1]
[2020-04-21T19:58:15.583] [INFO] default - [::1 POST /api/account/recordList 200 34ms][http://localhost:8085/? HTTP/1.1 Mozilla/5.0 (iPhone; CPU iPhone OS 10_3_1 like Mac OS X) AppleWebKit/603.1.30 (KHTML, like Gecko) Version/10.0 Mobile/14E304 Safari/602.1]
[2020-04-21T19:58:34.752] [INFO] default - [::1 OPTIONS /api/account/userMonthAccount 200 1ms][http://localhost:8085/? HTTP/1.1 Mozilla/5.0 (iPhone; CPU iPhone OS 10_3_1 like Mac OS X) AppleWebKit/603.1.30 (KHTML, like Gecko) Version/10.0 Mobile/14E304 Safari/602.1]
[2020-04-21T19:58:34.807] [INFO] default - [::1 OPTIONS /api/account/userMonthTypeAccount 200 1ms][http://localhost:8085/? HTTP/1.1 Mozilla/5.0 (iPhone; CPU iPhone OS 10_3_1 like Mac OS X) AppleWebKit/603.1.30 (KHTML, like Gecko) Version/10.0 Mobile/14E304 Safari/602.1]
[2020-04-21T19:58:34.960] [INFO] default - app.all >> get token:   eyJhbGciOiJIUzI1NiIsInR5cCI6IkpXVCJ9.eyJkYXRhIjp7InVpZCI6IjVlOWE5OTg5NmRmZTk1NDFkOGEyYjNjMSIsInVzZXJuYW1lIjoid2FuZyJ9LCJleHAiOjE1ODc0NzEwNTYsImlhdCI6MTU4NzQ3MDE1Nn0.JfOAhhFcelQJXyOpc4AK6kqii3e5UbPxNRIJ5ObAEzQ
[2020-04-21T19:58:34.964] [INFO] default - app.all >> token result:   { uid: '5e9a99896dfe9541d8a2b3c1', username: 'wang' }
[2020-04-21T19:58:34.971] [INFO] default - app.all >> get token:   eyJhbGciOiJIUzI1NiIsInR5cCI6IkpXVCJ9.eyJkYXRhIjp7InVpZCI6IjVlOWE5OTg5NmRmZTk1NDFkOGEyYjNjMSIsInVzZXJuYW1lIjoid2FuZyJ9LCJleHAiOjE1ODc0NzEwNTYsImlhdCI6MTU4NzQ3MDE1Nn0.JfOAhhFcelQJXyOpc4AK6kqii3e5UbPxNRIJ5ObAEzQ
[2020-04-21T19:58:34.972] [INFO] default - app.all >> token result:   { uid: '5e9a99896dfe9541d8a2b3c1', username: 'wang' }
[2020-04-21T19:58:34.991] [INFO] default - [::1 POST /api/account/userMonthAccount 200 41ms][http://localhost:8085/? HTTP/1.1 Mozilla/5.0 (iPhone; CPU iPhone OS 10_3_1 like Mac OS X) AppleWebKit/603.1.30 (KHTML, like Gecko) Version/10.0 Mobile/14E304 Safari/602.1]
[2020-04-21T19:58:35.000] [INFO] default - [::1 POST /api/account/userMonthTypeAccount 200 32ms][http://localhost:8085/? HTTP/1.1 Mozilla/5.0 (iPhone; CPU iPhone OS 10_3_1 like Mac OS X) AppleWebKit/603.1.30 (KHTML, like Gecko) Version/10.0 Mobile/14E304 Safari/602.1]
[2020-04-21T19:59:08.205] [INFO] default - [::1 OPTIONS /api/account/userMonthAccount 200 1ms][http://localhost:8085/? HTTP/1.1 Mozilla/5.0 (iPhone; CPU iPhone OS 10_3_1 like Mac OS X) AppleWebKit/603.1.30 (KHTML, like Gecko) Version/10.0 Mobile/14E304 Safari/602.1]
[2020-04-21T19:59:08.210] [INFO] default - [::1 OPTIONS /api/account/userMonthTypeAccount 200 1ms][http://localhost:8085/? HTTP/1.1 Mozilla/5.0 (iPhone; CPU iPhone OS 10_3_1 like Mac OS X) AppleWebKit/603.1.30 (KHTML, like Gecko) Version/10.0 Mobile/14E304 Safari/602.1]
[2020-04-21T19:59:08.225] [INFO] default - app.all >> get token:   eyJhbGciOiJIUzI1NiIsInR5cCI6IkpXVCJ9.eyJkYXRhIjp7InVpZCI6IjVlOWE5OTg5NmRmZTk1NDFkOGEyYjNjMSIsInVzZXJuYW1lIjoid2FuZyJ9LCJleHAiOjE1ODc0NzEwNTYsImlhdCI6MTU4NzQ3MDE1Nn0.JfOAhhFcelQJXyOpc4AK6kqii3e5UbPxNRIJ5ObAEzQ
[2020-04-21T19:59:08.226] [INFO] default - app.all >> token result:   { uid: '5e9a99896dfe9541d8a2b3c1', username: 'wang' }
[2020-04-21T19:59:08.229] [INFO] default - app.all >> get token:   eyJhbGciOiJIUzI1NiIsInR5cCI6IkpXVCJ9.eyJkYXRhIjp7InVpZCI6IjVlOWE5OTg5NmRmZTk1NDFkOGEyYjNjMSIsInVzZXJuYW1lIjoid2FuZyJ9LCJleHAiOjE1ODc0NzEwNTYsImlhdCI6MTU4NzQ3MDE1Nn0.JfOAhhFcelQJXyOpc4AK6kqii3e5UbPxNRIJ5ObAEzQ
[2020-04-21T19:59:08.230] [INFO] default - app.all >> token result:   { uid: '5e9a99896dfe9541d8a2b3c1', username: 'wang' }
[2020-04-21T19:59:08.256] [INFO] default - [::1 POST /api/account/userMonthAccount 200 34ms][http://localhost:8085/? HTTP/1.1 Mozilla/5.0 (iPhone; CPU iPhone OS 10_3_1 like Mac OS X) AppleWebKit/603.1.30 (KHTML, like Gecko) Version/10.0 Mobile/14E304 Safari/602.1]
[2020-04-21T19:59:08.261] [INFO] default - [::1 POST /api/account/userMonthTypeAccount 200 32ms][http://localhost:8085/? HTTP/1.1 Mozilla/5.0 (iPhone; CPU iPhone OS 10_3_1 like Mac OS X) AppleWebKit/603.1.30 (KHTML, like Gecko) Version/10.0 Mobile/14E304 Safari/602.1]
[2020-04-21T19:59:14.799] [INFO] default - [::1 OPTIONS /api/account/userMonthAccount 200 1ms][http://localhost:8085/? HTTP/1.1 Mozilla/5.0 (iPhone; CPU iPhone OS 10_3_1 like Mac OS X) AppleWebKit/603.1.30 (KHTML, like Gecko) Version/10.0 Mobile/14E304 Safari/602.1]
[2020-04-21T19:59:14.812] [INFO] default - app.all >> get token:   eyJhbGciOiJIUzI1NiIsInR5cCI6IkpXVCJ9.eyJkYXRhIjp7InVpZCI6IjVlOWE5OTg5NmRmZTk1NDFkOGEyYjNjMSIsInVzZXJuYW1lIjoid2FuZyJ9LCJleHAiOjE1ODc0NzEwNTYsImlhdCI6MTU4NzQ3MDE1Nn0.JfOAhhFcelQJXyOpc4AK6kqii3e5UbPxNRIJ5ObAEzQ
[2020-04-21T19:59:14.813] [INFO] default - app.all >> token result:   { uid: '5e9a99896dfe9541d8a2b3c1', username: 'wang' }
[2020-04-21T19:59:14.816] [INFO] default - [::1 OPTIONS /api/account/userMonthTypeAccount 200 7ms][http://localhost:8085/? HTTP/1.1 Mozilla/5.0 (iPhone; CPU iPhone OS 10_3_1 like Mac OS X) AppleWebKit/603.1.30 (KHTML, like Gecko) Version/10.0 Mobile/14E304 Safari/602.1]
[2020-04-21T19:59:14.829] [INFO] default - app.all >> get token:   eyJhbGciOiJIUzI1NiIsInR5cCI6IkpXVCJ9.eyJkYXRhIjp7InVpZCI6IjVlOWE5OTg5NmRmZTk1NDFkOGEyYjNjMSIsInVzZXJuYW1lIjoid2FuZyJ9LCJleHAiOjE1ODc0NzEwNTYsImlhdCI6MTU4NzQ3MDE1Nn0.JfOAhhFcelQJXyOpc4AK6kqii3e5UbPxNRIJ5ObAEzQ
[2020-04-21T19:59:14.834] [INFO] default - app.all >> token result:   { uid: '5e9a99896dfe9541d8a2b3c1', username: 'wang' }
[2020-04-21T19:59:14.929] [INFO] default - [::1 POST /api/account/userMonthAccount 200 120ms][http://localhost:8085/? HTTP/1.1 Mozilla/5.0 (iPhone; CPU iPhone OS 10_3_1 like Mac OS X) AppleWebKit/603.1.30 (KHTML, like Gecko) Version/10.0 Mobile/14E304 Safari/602.1]
[2020-04-21T19:59:14.961] [INFO] default - [::1 POST /api/account/userMonthTypeAccount 200 134ms][http://localhost:8085/? HTTP/1.1 Mozilla/5.0 (iPhone; CPU iPhone OS 10_3_1 like Mac OS X) AppleWebKit/603.1.30 (KHTML, like Gecko) Version/10.0 Mobile/14E304 Safari/602.1]
[2020-04-21T20:01:31.457] [INFO] default - [::1 OPTIONS /api/account/userMonthAccount 200 1ms][http://localhost:8085/? HTTP/1.1 Mozilla/5.0 (iPhone; CPU iPhone OS 10_3_1 like Mac OS X) AppleWebKit/603.1.30 (KHTML, like Gecko) Version/10.0 Mobile/14E304 Safari/602.1]
[2020-04-21T20:01:31.461] [INFO] default - [::1 OPTIONS /api/account/recordList 200 1ms][http://localhost:8085/? HTTP/1.1 Mozilla/5.0 (iPhone; CPU iPhone OS 10_3_1 like Mac OS X) AppleWebKit/603.1.30 (KHTML, like Gecko) Version/10.0 Mobile/14E304 Safari/602.1]
[2020-04-21T20:01:31.522] [INFO] default - app.all >> get token:   eyJhbGciOiJIUzI1NiIsInR5cCI6IkpXVCJ9.eyJkYXRhIjp7InVpZCI6IjVlOWE5OTg5NmRmZTk1NDFkOGEyYjNjMSIsInVzZXJuYW1lIjoid2FuZyJ9LCJleHAiOjE1ODc0NzEwNTYsImlhdCI6MTU4NzQ3MDE1Nn0.JfOAhhFcelQJXyOpc4AK6kqii3e5UbPxNRIJ5ObAEzQ
[2020-04-21T20:01:31.532] [INFO] default - app.all >> token result:   { uid: '5e9a99896dfe9541d8a2b3c1', username: 'wang' }
[2020-04-21T20:01:31.542] [INFO] default - app.all >> get token:   eyJhbGciOiJIUzI1NiIsInR5cCI6IkpXVCJ9.eyJkYXRhIjp7InVpZCI6IjVlOWE5OTg5NmRmZTk1NDFkOGEyYjNjMSIsInVzZXJuYW1lIjoid2FuZyJ9LCJleHAiOjE1ODc0NzEwNTYsImlhdCI6MTU4NzQ3MDE1Nn0.JfOAhhFcelQJXyOpc4AK6kqii3e5UbPxNRIJ5ObAEzQ
[2020-04-21T20:01:31.543] [INFO] default - app.all >> token result:   { uid: '5e9a99896dfe9541d8a2b3c1', username: 'wang' }
[2020-04-21T20:01:31.564] [INFO] default - [::1 POST /api/account/userMonthAccount 200 46ms][http://localhost:8085/? HTTP/1.1 Mozilla/5.0 (iPhone; CPU iPhone OS 10_3_1 like Mac OS X) AppleWebKit/603.1.30 (KHTML, like Gecko) Version/10.0 Mobile/14E304 Safari/602.1]
[2020-04-21T20:01:31.575] [INFO] default - [::1 POST /api/account/recordList 200 34ms][http://localhost:8085/? HTTP/1.1 Mozilla/5.0 (iPhone; CPU iPhone OS 10_3_1 like Mac OS X) AppleWebKit/603.1.30 (KHTML, like Gecko) Version/10.0 Mobile/14E304 Safari/602.1]
[2020-04-21T20:01:32.324] [INFO] default - app.all >> get token:   eyJhbGciOiJIUzI1NiIsInR5cCI6IkpXVCJ9.eyJkYXRhIjp7InVpZCI6IjVlOWE5OTg5NmRmZTk1NDFkOGEyYjNjMSIsInVzZXJuYW1lIjoid2FuZyJ9LCJleHAiOjE1ODc0NzEwNTYsImlhdCI6MTU4NzQ3MDE1Nn0.JfOAhhFcelQJXyOpc4AK6kqii3e5UbPxNRIJ5ObAEzQ
[2020-04-21T20:01:32.341] [INFO] default - app.all >> token result:   { uid: '5e9a99896dfe9541d8a2b3c1', username: 'wang' }
[2020-04-21T20:01:32.346] [INFO] default - [::1 OPTIONS /api/account/userMonthTypeAccount 200 1ms][http://localhost:8085/? HTTP/1.1 Mozilla/5.0 (iPhone; CPU iPhone OS 10_3_1 like Mac OS X) AppleWebKit/603.1.30 (KHTML, like Gecko) Version/10.0 Mobile/14E304 Safari/602.1]
[2020-04-21T20:01:32.358] [INFO] default - app.all >> get token:   eyJhbGciOiJIUzI1NiIsInR5cCI6IkpXVCJ9.eyJkYXRhIjp7InVpZCI6IjVlOWE5OTg5NmRmZTk1NDFkOGEyYjNjMSIsInVzZXJuYW1lIjoid2FuZyJ9LCJleHAiOjE1ODc0NzEwNTYsImlhdCI6MTU4NzQ3MDE1Nn0.JfOAhhFcelQJXyOpc4AK6kqii3e5UbPxNRIJ5ObAEzQ
[2020-04-21T20:01:32.359] [INFO] default - app.all >> token result:   { uid: '5e9a99896dfe9541d8a2b3c1', username: 'wang' }
[2020-04-21T20:01:32.375] [INFO] default - [::1 POST /api/account/userMonthAccount 200 54ms][http://localhost:8085/? HTTP/1.1 Mozilla/5.0 (iPhone; CPU iPhone OS 10_3_1 like Mac OS X) AppleWebKit/603.1.30 (KHTML, like Gecko) Version/10.0 Mobile/14E304 Safari/602.1]
[2020-04-21T20:01:32.398] [INFO] default - [::1 POST /api/account/userMonthTypeAccount 200 40ms][http://localhost:8085/? HTTP/1.1 Mozilla/5.0 (iPhone; CPU iPhone OS 10_3_1 like Mac OS X) AppleWebKit/603.1.30 (KHTML, like Gecko) Version/10.0 Mobile/14E304 Safari/602.1]
[2020-04-21T20:08:10.145] [INFO] default - [::1 OPTIONS /api/account/userMonthAccount 200 1ms][http://localhost:8085/? HTTP/1.1 Mozilla/5.0 (iPhone; CPU iPhone OS 10_3_1 like Mac OS X) AppleWebKit/603.1.30 (KHTML, like Gecko) Version/10.0 Mobile/14E304 Safari/602.1]
[2020-04-21T20:08:10.155] [INFO] default - [::1 OPTIONS /api/account/userMonthTypeAccount 200 2ms][http://localhost:8085/? HTTP/1.1 Mozilla/5.0 (iPhone; CPU iPhone OS 10_3_1 like Mac OS X) AppleWebKit/603.1.30 (KHTML, like Gecko) Version/10.0 Mobile/14E304 Safari/602.1]
[2020-04-21T20:08:10.170] [INFO] default - app.all >> get token:   eyJhbGciOiJIUzI1NiIsInR5cCI6IkpXVCJ9.eyJkYXRhIjp7InVpZCI6IjVlOWE5OTg5NmRmZTk1NDFkOGEyYjNjMSIsInVzZXJuYW1lIjoid2FuZyJ9LCJleHAiOjE1ODc0NzEwNTYsImlhdCI6MTU4NzQ3MDE1Nn0.JfOAhhFcelQJXyOpc4AK6kqii3e5UbPxNRIJ5ObAEzQ
[2020-04-21T20:08:10.206] [INFO] default - app.all >> token result:   { uid: '5e9a99896dfe9541d8a2b3c1', username: 'wang' }
[2020-04-21T20:08:10.217] [INFO] default - app.all >> get token:   eyJhbGciOiJIUzI1NiIsInR5cCI6IkpXVCJ9.eyJkYXRhIjp7InVpZCI6IjVlOWE5OTg5NmRmZTk1NDFkOGEyYjNjMSIsInVzZXJuYW1lIjoid2FuZyJ9LCJleHAiOjE1ODc0NzEwNTYsImlhdCI6MTU4NzQ3MDE1Nn0.JfOAhhFcelQJXyOpc4AK6kqii3e5UbPxNRIJ5ObAEzQ
[2020-04-21T20:08:10.219] [INFO] default - app.all >> token result:   { uid: '5e9a99896dfe9541d8a2b3c1', username: 'wang' }
[2020-04-21T20:08:10.238] [INFO] default - [::1 POST /api/account/userMonthAccount 200 70ms][http://localhost:8085/? HTTP/1.1 Mozilla/5.0 (iPhone; CPU iPhone OS 10_3_1 like Mac OS X) AppleWebKit/603.1.30 (KHTML, like Gecko) Version/10.0 Mobile/14E304 Safari/602.1]
[2020-04-21T20:08:10.245] [INFO] default - [::1 POST /api/account/userMonthTypeAccount 200 29ms][http://localhost:8085/? HTTP/1.1 Mozilla/5.0 (iPhone; CPU iPhone OS 10_3_1 like Mac OS X) AppleWebKit/603.1.30 (KHTML, like Gecko) Version/10.0 Mobile/14E304 Safari/602.1]
[2020-04-21T20:08:39.633] [INFO] default - [::1 OPTIONS /api/account/userMonthAccount 200 1ms][http://localhost:8085/? HTTP/1.1 Mozilla/5.0 (iPhone; CPU iPhone OS 10_3_1 like Mac OS X) AppleWebKit/603.1.30 (KHTML, like Gecko) Version/10.0 Mobile/14E304 Safari/602.1]
[2020-04-21T20:08:39.646] [INFO] default - [::1 OPTIONS /api/account/userMonthTypeAccount 200 1ms][http://localhost:8085/? HTTP/1.1 Mozilla/5.0 (iPhone; CPU iPhone OS 10_3_1 like Mac OS X) AppleWebKit/603.1.30 (KHTML, like Gecko) Version/10.0 Mobile/14E304 Safari/602.1]
[2020-04-21T20:08:39.677] [INFO] default - app.all >> get token:   eyJhbGciOiJIUzI1NiIsInR5cCI6IkpXVCJ9.eyJkYXRhIjp7InVpZCI6IjVlOWE5OTg5NmRmZTk1NDFkOGEyYjNjMSIsInVzZXJuYW1lIjoid2FuZyJ9LCJleHAiOjE1ODc0NzEwNTYsImlhdCI6MTU4NzQ3MDE1Nn0.JfOAhhFcelQJXyOpc4AK6kqii3e5UbPxNRIJ5ObAEzQ
[2020-04-21T20:08:39.688] [INFO] default - app.all >> token result:   { uid: '5e9a99896dfe9541d8a2b3c1', username: 'wang' }
[2020-04-21T20:08:39.701] [INFO] default - app.all >> get token:   eyJhbGciOiJIUzI1NiIsInR5cCI6IkpXVCJ9.eyJkYXRhIjp7InVpZCI6IjVlOWE5OTg5NmRmZTk1NDFkOGEyYjNjMSIsInVzZXJuYW1lIjoid2FuZyJ9LCJleHAiOjE1ODc0NzEwNTYsImlhdCI6MTU4NzQ3MDE1Nn0.JfOAhhFcelQJXyOpc4AK6kqii3e5UbPxNRIJ5ObAEzQ
[2020-04-21T20:08:39.707] [INFO] default - app.all >> token result:   { uid: '5e9a99896dfe9541d8a2b3c1', username: 'wang' }
[2020-04-21T20:08:39.722] [INFO] default - [::1 POST /api/account/userMonthAccount 200 47ms][http://localhost:8085/? HTTP/1.1 Mozilla/5.0 (iPhone; CPU iPhone OS 10_3_1 like Mac OS X) AppleWebKit/603.1.30 (KHTML, like Gecko) Version/10.0 Mobile/14E304 Safari/602.1]
[2020-04-21T20:08:39.743] [INFO] default - [::1 POST /api/account/userMonthTypeAccount 200 44ms][http://localhost:8085/? HTTP/1.1 Mozilla/5.0 (iPhone; CPU iPhone OS 10_3_1 like Mac OS X) AppleWebKit/603.1.30 (KHTML, like Gecko) Version/10.0 Mobile/14E304 Safari/602.1]
[2020-04-21T20:08:58.755] [INFO] default - [::1 OPTIONS /api/account/userMonthAccount 200 1ms][http://localhost:8085/? HTTP/1.1 Mozilla/5.0 (iPhone; CPU iPhone OS 10_3_1 like Mac OS X) AppleWebKit/603.1.30 (KHTML, like Gecko) Version/10.0 Mobile/14E304 Safari/602.1]
[2020-04-21T20:08:58.768] [INFO] default - [::1 OPTIONS /api/account/userMonthTypeAccount 200 1ms][http://localhost:8085/? HTTP/1.1 Mozilla/5.0 (iPhone; CPU iPhone OS 10_3_1 like Mac OS X) AppleWebKit/603.1.30 (KHTML, like Gecko) Version/10.0 Mobile/14E304 Safari/602.1]
[2020-04-21T20:08:58.787] [INFO] default - app.all >> get token:   eyJhbGciOiJIUzI1NiIsInR5cCI6IkpXVCJ9.eyJkYXRhIjp7InVpZCI6IjVlOWE5OTg5NmRmZTk1NDFkOGEyYjNjMSIsInVzZXJuYW1lIjoid2FuZyJ9LCJleHAiOjE1ODc0NzEwNTYsImlhdCI6MTU4NzQ3MDE1Nn0.JfOAhhFcelQJXyOpc4AK6kqii3e5UbPxNRIJ5ObAEzQ
[2020-04-21T20:08:58.789] [INFO] default - app.all >> token result:   { uid: '5e9a99896dfe9541d8a2b3c1', username: 'wang' }
[2020-04-21T20:08:58.794] [INFO] default - app.all >> get token:   eyJhbGciOiJIUzI1NiIsInR5cCI6IkpXVCJ9.eyJkYXRhIjp7InVpZCI6IjVlOWE5OTg5NmRmZTk1NDFkOGEyYjNjMSIsInVzZXJuYW1lIjoid2FuZyJ9LCJleHAiOjE1ODc0NzEwNTYsImlhdCI6MTU4NzQ3MDE1Nn0.JfOAhhFcelQJXyOpc4AK6kqii3e5UbPxNRIJ5ObAEzQ
[2020-04-21T20:08:58.838] [INFO] default - app.all >> token result:   { uid: '5e9a99896dfe9541d8a2b3c1', username: 'wang' }
[2020-04-21T20:08:58.844] [INFO] default - [::1 POST /api/account/userMonthAccount 200 59ms][http://localhost:8085/? HTTP/1.1 Mozilla/5.0 (iPhone; CPU iPhone OS 10_3_1 like Mac OS X) AppleWebKit/603.1.30 (KHTML, like Gecko) Version/10.0 Mobile/14E304 Safari/602.1]
[2020-04-21T20:08:58.868] [INFO] default - [::1 POST /api/account/userMonthTypeAccount 200 75ms][http://localhost:8085/? HTTP/1.1 Mozilla/5.0 (iPhone; CPU iPhone OS 10_3_1 like Mac OS X) AppleWebKit/603.1.30 (KHTML, like Gecko) Version/10.0 Mobile/14E304 Safari/602.1]
[2020-04-21T20:09:13.398] [INFO] default - [::1 OPTIONS /api/account/userMonthAccount 200 1ms][http://localhost:8085/? HTTP/1.1 Mozilla/5.0 (iPhone; CPU iPhone OS 10_3_1 like Mac OS X) AppleWebKit/603.1.30 (KHTML, like Gecko) Version/10.0 Mobile/14E304 Safari/602.1]
[2020-04-21T20:09:13.437] [INFO] default - [::1 OPTIONS /api/account/userMonthTypeAccount 200 1ms][http://localhost:8085/? HTTP/1.1 Mozilla/5.0 (iPhone; CPU iPhone OS 10_3_1 like Mac OS X) AppleWebKit/603.1.30 (KHTML, like Gecko) Version/10.0 Mobile/14E304 Safari/602.1]
[2020-04-21T20:09:13.490] [INFO] default - app.all >> get token:   eyJhbGciOiJIUzI1NiIsInR5cCI6IkpXVCJ9.eyJkYXRhIjp7InVpZCI6IjVlOWE5OTg5NmRmZTk1NDFkOGEyYjNjMSIsInVzZXJuYW1lIjoid2FuZyJ9LCJleHAiOjE1ODc0NzEwNTYsImlhdCI6MTU4NzQ3MDE1Nn0.JfOAhhFcelQJXyOpc4AK6kqii3e5UbPxNRIJ5ObAEzQ
[2020-04-21T20:09:13.494] [INFO] default - app.all >> token result:   { uid: '5e9a99896dfe9541d8a2b3c1', username: 'wang' }
[2020-04-21T20:09:13.500] [INFO] default - app.all >> get token:   eyJhbGciOiJIUzI1NiIsInR5cCI6IkpXVCJ9.eyJkYXRhIjp7InVpZCI6IjVlOWE5OTg5NmRmZTk1NDFkOGEyYjNjMSIsInVzZXJuYW1lIjoid2FuZyJ9LCJleHAiOjE1ODc0NzEwNTYsImlhdCI6MTU4NzQ3MDE1Nn0.JfOAhhFcelQJXyOpc4AK6kqii3e5UbPxNRIJ5ObAEzQ
[2020-04-21T20:09:13.504] [INFO] default - app.all >> token result:   { uid: '5e9a99896dfe9541d8a2b3c1', username: 'wang' }
[2020-04-21T20:09:13.522] [INFO] default - [::1 POST /api/account/userMonthAccount 200 33ms][http://localhost:8085/? HTTP/1.1 Mozilla/5.0 (iPhone; CPU iPhone OS 10_3_1 like Mac OS X) AppleWebKit/603.1.30 (KHTML, like Gecko) Version/10.0 Mobile/14E304 Safari/602.1]
[2020-04-21T20:09:13.546] [INFO] default - [::1 POST /api/account/userMonthTypeAccount 200 49ms][http://localhost:8085/? HTTP/1.1 Mozilla/5.0 (iPhone; CPU iPhone OS 10_3_1 like Mac OS X) AppleWebKit/603.1.30 (KHTML, like Gecko) Version/10.0 Mobile/14E304 Safari/602.1]
[2020-04-21T20:09:15.049] [INFO] default - app.all >> get token:   eyJhbGciOiJIUzI1NiIsInR5cCI6IkpXVCJ9.eyJkYXRhIjp7InVpZCI6IjVlOWE5OTg5NmRmZTk1NDFkOGEyYjNjMSIsInVzZXJuYW1lIjoid2FuZyJ9LCJleHAiOjE1ODc0NzEwNTYsImlhdCI6MTU4NzQ3MDE1Nn0.JfOAhhFcelQJXyOpc4AK6kqii3e5UbPxNRIJ5ObAEzQ
[2020-04-21T20:09:15.054] [INFO] default - app.all >> token result:   { uid: '5e9a99896dfe9541d8a2b3c1', username: 'wang' }
[2020-04-21T20:09:15.083] [INFO] default - [::1 POST /api/account/userMonthTypeAccount 200 37ms][http://localhost:8085/? HTTP/1.1 Mozilla/5.0 (iPhone; CPU iPhone OS 10_3_1 like Mac OS X) AppleWebKit/603.1.30 (KHTML, like Gecko) Version/10.0 Mobile/14E304 Safari/602.1]
