[2020-04-16T10:00:31.858] [INFO] default - [::1 OPTIONS /api/user/login 200 23ms][http://localhost:8085/? HTTP/1.1 Mozilla/5.0 (iPhone; CPU iPhone OS 11_0 like Mac OS X) AppleWebKit/604.1.38 (KHTML, like Gecko) Version/11.0 Mobile/15A372 Safari/604.1]
[2020-04-16T10:00:34.453] [INFO] default - [::1 POST /api/user/login 200 278ms][http://localhost:8085/? HTTP/1.1 Mozilla/5.0 (iPhone; CPU iPhone OS 11_0 like Mac OS X) AppleWebKit/604.1.38 (KHTML, like Gecko) Version/11.0 Mobile/15A372 Safari/604.1]
[2020-04-16T10:00:44.997] [INFO] default - [::1 OPTIONS /api/user/login 200 1ms][http://localhost:8085/? HTTP/1.1 Mozilla/5.0 (iPhone; CPU iPhone OS 11_0 like Mac OS X) AppleWebKit/604.1.38 (KHTML, like Gecko) Version/11.0 Mobile/15A372 Safari/604.1]
[2020-04-16T10:00:46.573] [INFO] default - [::1 POST /api/user/login 200 23ms][http://localhost:8085/? HTTP/1.1 Mozilla/5.0 (iPhone; CPU iPhone OS 11_0 like Mac OS X) AppleWebKit/604.1.38 (KHTML, like Gecko) Version/11.0 Mobile/15A372 Safari/604.1]
[2020-04-16T10:09:07.418] [INFO] default - [::1 OPTIONS /api/user/login 200 1ms][http://localhost:8085/? HTTP/1.1 Mozilla/5.0 (iPhone; CPU iPhone OS 11_0 like Mac OS X) AppleWebKit/604.1.38 (KHTML, like Gecko) Version/11.0 Mobile/15A372 Safari/604.1]
[2020-04-16T10:09:09.520] [INFO] default - [::1 POST /api/user/login 200 29ms][http://localhost:8085/? HTTP/1.1 Mozilla/5.0 (iPhone; CPU iPhone OS 11_0 like Mac OS X) AppleWebKit/604.1.38 (KHTML, like Gecko) Version/11.0 Mobile/15A372 Safari/604.1]
[2020-04-16T10:09:19.308] [INFO] default - [::1 OPTIONS /api/user/login 200 1ms][http://localhost:8085/? HTTP/1.1 Mozilla/5.0 (iPhone; CPU iPhone OS 11_0 like Mac OS X) AppleWebKit/604.1.38 (KHTML, like Gecko) Version/11.0 Mobile/15A372 Safari/604.1]
[2020-04-16T10:09:20.781] [INFO] default - [::1 POST /api/user/login 200 25ms][http://localhost:8085/? HTTP/1.1 Mozilla/5.0 (iPhone; CPU iPhone OS 11_0 like Mac OS X) AppleWebKit/604.1.38 (KHTML, like Gecko) Version/11.0 Mobile/15A372 Safari/604.1]
[2020-04-16T10:41:37.870] [INFO] default - [::1 OPTIONS /api/user/login 200 7ms][http://localhost:8085/? HTTP/1.1 Mozilla/5.0 (iPhone; CPU iPhone OS 11_0 like Mac OS X) AppleWebKit/604.1.38 (KHTML, like Gecko) Version/11.0 Mobile/15A372 Safari/604.1]
[2020-04-16T10:41:39.763] [INFO] default - [::1 POST /api/user/login 200 52ms][http://localhost:8085/? HTTP/1.1 Mozilla/5.0 (iPhone; CPU iPhone OS 11_0 like Mac OS X) AppleWebKit/604.1.38 (KHTML, like Gecko) Version/11.0 Mobile/15A372 Safari/604.1]
[2020-04-16T10:44:12.548] [INFO] default - [::1 OPTIONS /api/user/register 200 2ms][http://localhost:8085/? HTTP/1.1 Mozilla/5.0 (iPhone; CPU iPhone OS 11_0 like Mac OS X) AppleWebKit/604.1.38 (KHTML, like Gecko) Version/11.0 Mobile/15A372 Safari/604.1]
[2020-04-16T10:44:12.816] [INFO] default - [::1 POST /api/user/register 200 225ms][http://localhost:8085/? HTTP/1.1 Mozilla/5.0 (iPhone; CPU iPhone OS 11_0 like Mac OS X) AppleWebKit/604.1.38 (KHTML, like Gecko) Version/11.0 Mobile/15A372 Safari/604.1]
[2020-04-16T10:44:22.522] [INFO] default - [::1 OPTIONS /api/user/login 200 2ms][http://localhost:8085/? HTTP/1.1 Mozilla/5.0 (iPhone; CPU iPhone OS 11_0 like Mac OS X) AppleWebKit/604.1.38 (KHTML, like Gecko) Version/11.0 Mobile/15A372 Safari/604.1]
[2020-04-16T10:44:22.584] [INFO] default - "/login" >> 登录成功, token:  eyJhbGciOiJIUzI1NiIsInR5cCI6IkpXVCJ9.eyJkYXRhIjp7InVpZCI6IjVlOTdjNjdjZWJiZTYzNGQ4YzdmOThmYiIsInVzZXJuYW1lIjoid2FuZyJ9LCJleHAiOjE1ODcwMDU5NjIsImlhdCI6MTU4NzAwNTA2Mn0.jnYkNQD7pPyHcVetPVOpsGaQ0uAATCgR617YcYvhCKk
[2020-04-16T10:44:22.587] [INFO] default - [::1 POST /api/user/login 200 29ms][http://localhost:8085/? HTTP/1.1 Mozilla/5.0 (iPhone; CPU iPhone OS 11_0 like Mac OS X) AppleWebKit/604.1.38 (KHTML, like Gecko) Version/11.0 Mobile/15A372 Safari/604.1]
[2020-04-16T10:44:31.240] [INFO] default - [::1 OPTIONS /api/user/login 200 1ms][http://localhost:8085/? HTTP/1.1 Mozilla/5.0 (iPhone; CPU iPhone OS 11_0 like Mac OS X) AppleWebKit/604.1.38 (KHTML, like Gecko) Version/11.0 Mobile/15A372 Safari/604.1]
[2020-04-16T10:44:31.297] [INFO] default - "/login" >> 登录成功, token:  eyJhbGciOiJIUzI1NiIsInR5cCI6IkpXVCJ9.eyJkYXRhIjp7InVpZCI6IjVlOTdjNjdjZWJiZTYzNGQ4YzdmOThmYiIsInVzZXJuYW1lIjoid2FuZyJ9LCJleHAiOjE1ODcwMDU5NzEsImlhdCI6MTU4NzAwNTA3MX0.3HmbBVTaI2OaaABO7alFsu5gFXCh4R-eUjpJqWY3R6E
[2020-04-16T10:44:31.299] [INFO] default - [::1 POST /api/user/login 200 30ms][http://localhost:8085/? HTTP/1.1 Mozilla/5.0 (iPhone; CPU iPhone OS 11_0 like Mac OS X) AppleWebKit/604.1.38 (KHTML, like Gecko) Version/11.0 Mobile/15A372 Safari/604.1]
[2020-04-16T10:44:41.287] [INFO] default - [::1 OPTIONS /api/user/login 200 1ms][http://localhost:8085/? HTTP/1.1 Mozilla/5.0 (iPhone; CPU iPhone OS 11_0 like Mac OS X) AppleWebKit/604.1.38 (KHTML, like Gecko) Version/11.0 Mobile/15A372 Safari/604.1]
[2020-04-16T10:44:41.327] [INFO] default - "/login" >> 登录成功, token:  eyJhbGciOiJIUzI1NiIsInR5cCI6IkpXVCJ9.eyJkYXRhIjp7InVpZCI6IjVlOTdjNjdjZWJiZTYzNGQ4YzdmOThmYiIsInVzZXJuYW1lIjoid2FuZyJ9LCJleHAiOjE1ODcwMDU5ODEsImlhdCI6MTU4NzAwNTA4MX0.Pwti6AKsmO0KM50HPf1aRrAyISJ82lZV3V2o74sE0WI
[2020-04-16T10:44:41.330] [INFO] default - [::1 POST /api/user/login 200 30ms][http://localhost:8085/? HTTP/1.1 Mozilla/5.0 (iPhone; CPU iPhone OS 11_0 like Mac OS X) AppleWebKit/604.1.38 (KHTML, like Gecko) Version/11.0 Mobile/15A372 Safari/604.1]
[2020-04-16T10:47:18.340] [INFO] default - [::1 OPTIONS /api/account/userMonthAccount 200 1ms][http://localhost:8085/ HTTP/1.1 Mozilla/5.0 (Windows NT 6.1; Win64; x64) AppleWebKit/537.36 (KHTML, like Gecko) Chrome/78.0.3904.70 Safari/537.36]
[2020-04-16T10:47:18.344] [INFO] default - [::1 OPTIONS /api/account/recordList 200 1ms][http://localhost:8085/ HTTP/1.1 Mozilla/5.0 (Windows NT 6.1; Win64; x64) AppleWebKit/537.36 (KHTML, like Gecko) Chrome/78.0.3904.70 Safari/537.36]
[2020-04-16T10:47:18.373] [INFO] default - app.all >> get token:   eyJhbGciOiJIUzI1NiIsInR5cCI6IkpXVCJ9.eyJkYXRhIjp7InVpZCI6IjVlOTdjNjdjZWJiZTYzNGQ4YzdmOThmYiIsInVzZXJuYW1lIjoid2FuZyJ9LCJleHAiOjE1ODcwMDU5ODEsImlhdCI6MTU4NzAwNTA4MX0.Pwti6AKsmO0KM50HPf1aRrAyISJ82lZV3V2o74sE0WI
[2020-04-16T10:47:18.381] [INFO] default - app.all >> token result:   { uid: '5e97c67cebbe634d8c7f98fb', username: 'wang' }
[2020-04-16T10:47:18.416] [INFO] default - [::1 POST /api/account/userMonthAccount 200 44ms][http://localhost:8085/ HTTP/1.1 Mozilla/5.0 (Windows NT 6.1; Win64; x64) AppleWebKit/537.36 (KHTML, like Gecko) Chrome/78.0.3904.70 Safari/537.36]
[2020-04-16T10:47:18.424] [INFO] default - app.all >> get token:   eyJhbGciOiJIUzI1NiIsInR5cCI6IkpXVCJ9.eyJkYXRhIjp7InVpZCI6IjVlOTdjNjdjZWJiZTYzNGQ4YzdmOThmYiIsInVzZXJuYW1lIjoid2FuZyJ9LCJleHAiOjE1ODcwMDU5ODEsImlhdCI6MTU4NzAwNTA4MX0.Pwti6AKsmO0KM50HPf1aRrAyISJ82lZV3V2o74sE0WI
[2020-04-16T10:47:18.431] [INFO] default - app.all >> token result:   { uid: '5e97c67cebbe634d8c7f98fb', username: 'wang' }
[2020-04-16T10:47:18.465] [INFO] default - [::1 POST /api/account/recordList 200 42ms][http://localhost:8085/ HTTP/1.1 Mozilla/5.0 (Windows NT 6.1; Win64; x64) AppleWebKit/537.36 (KHTML, like Gecko) Chrome/78.0.3904.70 Safari/537.36]
[2020-04-16T10:49:35.352] [INFO] default - [::1 OPTIONS /api/useType/expCostTypes 200 1ms][http://localhost:8085/ HTTP/1.1 Mozilla/5.0 (iPhone; CPU iPhone OS 11_0 like Mac OS X) AppleWebKit/604.1.38 (KHTML, like Gecko) Version/11.0 Mobile/15A372 Safari/604.1]
[2020-04-16T10:49:35.401] [INFO] default - app.all >> get token:   eyJhbGciOiJIUzI1NiIsInR5cCI6IkpXVCJ9.eyJkYXRhIjp7InVpZCI6IjVlOTdjNjdjZWJiZTYzNGQ4YzdmOThmYiIsInVzZXJuYW1lIjoid2FuZyJ9LCJleHAiOjE1ODcwMDU5ODEsImlhdCI6MTU4NzAwNTA4MX0.Pwti6AKsmO0KM50HPf1aRrAyISJ82lZV3V2o74sE0WI
[2020-04-16T10:49:35.415] [INFO] default - app.all >> token result:   { uid: '5e97c67cebbe634d8c7f98fb', username: 'wang' }
[2020-04-16T10:49:35.503] [INFO] default - [::1 GET /api/useType/expCostTypes 200 102ms][http://localhost:8085/ HTTP/1.1 Mozilla/5.0 (iPhone; CPU iPhone OS 11_0 like Mac OS X) AppleWebKit/604.1.38 (KHTML, like Gecko) Version/11.0 Mobile/15A372 Safari/604.1]
[2020-04-16T10:49:37.389] [INFO] default - [::1 OPTIONS /api/account/userMonthAccount 200 1ms][http://localhost:8085/ HTTP/1.1 Mozilla/5.0 (iPhone; CPU iPhone OS 11_0 like Mac OS X) AppleWebKit/604.1.38 (KHTML, like Gecko) Version/11.0 Mobile/15A372 Safari/604.1]
[2020-04-16T10:49:37.405] [INFO] default - [::1 OPTIONS /api/account/recordList 200 1ms][http://localhost:8085/ HTTP/1.1 Mozilla/5.0 (iPhone; CPU iPhone OS 11_0 like Mac OS X) AppleWebKit/604.1.38 (KHTML, like Gecko) Version/11.0 Mobile/15A372 Safari/604.1]
[2020-04-16T10:49:37.416] [INFO] default - app.all >> get token:   eyJhbGciOiJIUzI1NiIsInR5cCI6IkpXVCJ9.eyJkYXRhIjp7InVpZCI6IjVlOTdjNjdjZWJiZTYzNGQ4YzdmOThmYiIsInVzZXJuYW1lIjoid2FuZyJ9LCJleHAiOjE1ODcwMDU5ODEsImlhdCI6MTU4NzAwNTA4MX0.Pwti6AKsmO0KM50HPf1aRrAyISJ82lZV3V2o74sE0WI
[2020-04-16T10:49:37.417] [INFO] default - app.all >> token result:   { uid: '5e97c67cebbe634d8c7f98fb', username: 'wang' }
[2020-04-16T10:49:37.422] [INFO] default - app.all >> get token:   eyJhbGciOiJIUzI1NiIsInR5cCI6IkpXVCJ9.eyJkYXRhIjp7InVpZCI6IjVlOTdjNjdjZWJiZTYzNGQ4YzdmOThmYiIsInVzZXJuYW1lIjoid2FuZyJ9LCJleHAiOjE1ODcwMDU5ODEsImlhdCI6MTU4NzAwNTA4MX0.Pwti6AKsmO0KM50HPf1aRrAyISJ82lZV3V2o74sE0WI
[2020-04-16T10:49:37.427] [INFO] default - app.all >> token result:   { uid: '5e97c67cebbe634d8c7f98fb', username: 'wang' }
[2020-04-16T10:49:37.444] [INFO] default - [::1 POST /api/account/userMonthAccount 200 29ms][http://localhost:8085/ HTTP/1.1 Mozilla/5.0 (iPhone; CPU iPhone OS 11_0 like Mac OS X) AppleWebKit/604.1.38 (KHTML, like Gecko) Version/11.0 Mobile/15A372 Safari/604.1]
[2020-04-16T10:49:37.461] [INFO] default - [::1 POST /api/account/recordList 200 39ms][http://localhost:8085/ HTTP/1.1 Mozilla/5.0 (iPhone; CPU iPhone OS 11_0 like Mac OS X) AppleWebKit/604.1.38 (KHTML, like Gecko) Version/11.0 Mobile/15A372 Safari/604.1]
[2020-04-16T10:49:40.033] [INFO] default - app.all >> get token:   eyJhbGciOiJIUzI1NiIsInR5cCI6IkpXVCJ9.eyJkYXRhIjp7InVpZCI6IjVlOTdjNjdjZWJiZTYzNGQ4YzdmOThmYiIsInVzZXJuYW1lIjoid2FuZyJ9LCJleHAiOjE1ODcwMDU5ODEsImlhdCI6MTU4NzAwNTA4MX0.Pwti6AKsmO0KM50HPf1aRrAyISJ82lZV3V2o74sE0WI
[2020-04-16T10:49:40.042] [INFO] default - app.all >> token result:   { uid: '5e97c67cebbe634d8c7f98fb', username: 'wang' }
[2020-04-16T10:49:40.087] [INFO] default - [::1 GET /api/useType/expCostTypes 304 55ms][http://localhost:8085/ HTTP/1.1 Mozilla/5.0 (iPhone; CPU iPhone OS 11_0 like Mac OS X) AppleWebKit/604.1.38 (KHTML, like Gecko) Version/11.0 Mobile/15A372 Safari/604.1]
[2020-04-16T10:49:42.153] [INFO] default - app.all >> get token:   eyJhbGciOiJIUzI1NiIsInR5cCI6IkpXVCJ9.eyJkYXRhIjp7InVpZCI6IjVlOTdjNjdjZWJiZTYzNGQ4YzdmOThmYiIsInVzZXJuYW1lIjoid2FuZyJ9LCJleHAiOjE1ODcwMDU5ODEsImlhdCI6MTU4NzAwNTA4MX0.Pwti6AKsmO0KM50HPf1aRrAyISJ82lZV3V2o74sE0WI
[2020-04-16T10:49:42.196] [INFO] default - app.all >> token result:   { uid: '5e97c67cebbe634d8c7f98fb', username: 'wang' }
[2020-04-16T10:49:42.205] [INFO] default - app.all >> get token:   eyJhbGciOiJIUzI1NiIsInR5cCI6IkpXVCJ9.eyJkYXRhIjp7InVpZCI6IjVlOTdjNjdjZWJiZTYzNGQ4YzdmOThmYiIsInVzZXJuYW1lIjoid2FuZyJ9LCJleHAiOjE1ODcwMDU5ODEsImlhdCI6MTU4NzAwNTA4MX0.Pwti6AKsmO0KM50HPf1aRrAyISJ82lZV3V2o74sE0WI
[2020-04-16T10:49:42.215] [INFO] default - app.all >> token result:   { uid: '5e97c67cebbe634d8c7f98fb', username: 'wang' }
[2020-04-16T10:49:42.242] [INFO] default - [::1 POST /api/account/userMonthAccount 200 90ms][http://localhost:8085/ HTTP/1.1 Mozilla/5.0 (iPhone; CPU iPhone OS 11_0 like Mac OS X) AppleWebKit/604.1.38 (KHTML, like Gecko) Version/11.0 Mobile/15A372 Safari/604.1]
[2020-04-16T10:49:42.263] [INFO] default - [::1 POST /api/account/recordList 200 57ms][http://localhost:8085/ HTTP/1.1 Mozilla/5.0 (iPhone; CPU iPhone OS 11_0 like Mac OS X) AppleWebKit/604.1.38 (KHTML, like Gecko) Version/11.0 Mobile/15A372 Safari/604.1]
